This is pdfTeX, Version 3.14159265-2.6-1.40.16 (TeX Live 2015/Debian) (preloaded format=pdflatex 2016.6.21)  25 AUG 2016 16:18
entering extended mode
 restricted \write18 enabled.
 %&-line parsing enabled.
**Presentacion.tex
(./Presentacion.tex
LaTeX2e <2016/02/01>
Babel <3.9q> and hyphenation patterns for 81 language(s) loaded.
(/usr/share/texlive/texmf-dist/tex/latex/beamer/beamer.cls
(/usr/share/texlive/texmf-dist/tex/latex/beamer/beamerbasercs.sty
Package: beamerbasercs 2015/03/08 (rcs-revision 368aa9ba9d38)
)
Document Class: beamer 2015/01/05 3.36 A class for typesetting presentations (r
cs-revision 8a39122e1f63)
(/usr/share/texlive/texmf-dist/tex/latex/beamer/beamerbasemodes.sty
Package: beamerbasemodes 2013/09/03 (rcs-revision 768f2d98ca64)
\beamer@tempbox=\box26
\beamer@tempcount=\count79
\c@beamerpauses=\count80

(/usr/share/texlive/texmf-dist/tex/latex/beamer/beamerbasedecode.sty
Package: beamerbasedecode 2010/05/01 (rcs-revision efa082c6111d)
\beamer@slideinframe=\count81
\beamer@minimum=\count82
)
\beamer@commentbox=\box27
\beamer@modecount=\count83
)
(/usr/share/texlive/texmf-dist/tex/generic/oberdiek/ifpdf.sty
Package: ifpdf 2011/01/30 v2.3 Provides the ifpdf switch (HO)
Package ifpdf Info: pdfTeX in PDF mode is detected.
)
\headheight=\dimen102
\headdp=\dimen103
\footheight=\dimen104
\sidebarheight=\dimen105
\beamer@tempdim=\dimen106
\beamer@finalheight=\dimen107
\beamer@animht=\dimen108
\beamer@animdp=\dimen109
\beamer@animwd=\dimen110
\beamer@leftmargin=\dimen111
\beamer@rightmargin=\dimen112
\beamer@leftsidebar=\dimen113
\beamer@rightsidebar=\dimen114
\beamer@boxsize=\dimen115
\beamer@vboxoffset=\dimen116
\beamer@descdefault=\dimen117
\beamer@descriptionwidth=\dimen118
\beamer@lastskip=\skip41
\beamer@areabox=\box28
\beamer@animcurrent=\box29
\beamer@animshowbox=\box30
\beamer@sectionbox=\box31
\beamer@logobox=\box32
\beamer@linebox=\box33
\beamer@sectioncount=\count84
\beamer@subsubsectionmax=\count85
\beamer@subsectionmax=\count86
\beamer@sectionmax=\count87
\beamer@totalheads=\count88
\beamer@headcounter=\count89
\beamer@partstartpage=\count90
\beamer@sectionstartpage=\count91
\beamer@subsectionstartpage=\count92
\beamer@animationtempa=\count93
\beamer@animationtempb=\count94
\beamer@xpos=\count95
\beamer@ypos=\count96
\beamer@showpartnumber=\count97
\beamer@currentsubsection=\count98
\beamer@coveringdepth=\count99
\beamer@sectionadjust=\count100
\beamer@tocsectionnumber=\count101

(/usr/share/texlive/texmf-dist/tex/latex/beamer/beamerbaseoptions.sty
Package: beamerbaseoptions 2013/03/10 (rcs-revision 47431932db0d)

(/usr/share/texlive/texmf-dist/tex/latex/graphics/keyval.sty
Package: keyval 2014/10/28 v1.15 key=value parser (DPC)
\KV@toks@=\toks14
))
\beamer@paperwidth=\skip42
\beamer@paperheight=\skip43

(/usr/share/texlive/texmf-dist/tex/latex/geometry/geometry.sty
Package: geometry 2010/09/12 v5.6 Page Geometry

(/usr/share/texlive/texmf-dist/tex/generic/oberdiek/ifvtex.sty
Package: ifvtex 2010/03/01 v1.5 Detect VTeX and its facilities (HO)
Package ifvtex Info: VTeX not detected.
)
(/usr/share/texlive/texmf-dist/tex/generic/ifxetex/ifxetex.sty
Package: ifxetex 2010/09/12 v0.6 Provides ifxetex conditional
)
\Gm@cnth=\count102
\Gm@cntv=\count103
\c@Gm@tempcnt=\count104
\Gm@bindingoffset=\dimen119
\Gm@wd@mp=\dimen120
\Gm@odd@mp=\dimen121
\Gm@even@mp=\dimen122
\Gm@layoutwidth=\dimen123
\Gm@layoutheight=\dimen124
\Gm@layouthoffset=\dimen125
\Gm@layoutvoffset=\dimen126
\Gm@dimlist=\toks15
)
(/usr/share/texlive/texmf-dist/tex/latex/base/size11.clo
File: size11.clo 2014/09/29 v1.4h Standard LaTeX file (size option)
)
(/usr/share/texlive/texmf-dist/tex/latex/pgf/basiclayer/pgfcore.sty
(/usr/share/texlive/texmf-dist/tex/latex/graphics/graphicx.sty
Package: graphicx 2014/10/28 v1.0g Enhanced LaTeX Graphics (DPC,SPQR)

(/usr/share/texlive/texmf-dist/tex/latex/graphics/graphics.sty
Package: graphics 2016/01/03 v1.0q Standard LaTeX Graphics (DPC,SPQR)

(/usr/share/texlive/texmf-dist/tex/latex/graphics/trig.sty
Package: trig 2016/01/03 v1.10 sin cos tan (DPC)
)
(/usr/share/texlive/texmf-dist/tex/latex/latexconfig/graphics.cfg
File: graphics.cfg 2010/04/23 v1.9 graphics configuration of TeX Live
)
Package graphics Info: Driver file: pdftex.def on input line 95.

(/usr/share/texlive/texmf-dist/tex/latex/pdftex-def/pdftex.def
File: pdftex.def 2011/05/27 v0.06d Graphics/color for pdfTeX

(/usr/share/texlive/texmf-dist/tex/generic/oberdiek/infwarerr.sty
Package: infwarerr 2010/04/08 v1.3 Providing info/warning/error messages (HO)
)
(/usr/share/texlive/texmf-dist/tex/generic/oberdiek/ltxcmds.sty
Package: ltxcmds 2011/11/09 v1.22 LaTeX kernel commands for general use (HO)
)
\Gread@gobject=\count105
))
\Gin@req@height=\dimen127
\Gin@req@width=\dimen128
)
(/usr/share/texlive/texmf-dist/tex/latex/pgf/systemlayer/pgfsys.sty
(/usr/share/texlive/texmf-dist/tex/latex/pgf/utilities/pgfrcs.sty
(/usr/share/texlive/texmf-dist/tex/generic/pgf/utilities/pgfutil-common.tex
\pgfutil@everybye=\toks16
\pgfutil@tempdima=\dimen129
\pgfutil@tempdimb=\dimen130

(/usr/share/texlive/texmf-dist/tex/generic/pgf/utilities/pgfutil-common-lists.t
ex)) (/usr/share/texlive/texmf-dist/tex/generic/pgf/utilities/pgfutil-latex.def
\pgfutil@abb=\box34
(/usr/share/texlive/texmf-dist/tex/latex/ms/everyshi.sty
Package: everyshi 2001/05/15 v3.00 EveryShipout Package (MS)
))
(/usr/share/texlive/texmf-dist/tex/generic/pgf/utilities/pgfrcs.code.tex
Package: pgfrcs 2015/08/07 v3.0.1a (rcs-revision 1.31)
))
(/usr/share/texlive/texmf-dist/tex/generic/pgf/systemlayer/pgfsys.code.tex
Package: pgfsys 2014/07/09 v3.0.1a (rcs-revision 1.48)

(/usr/share/texlive/texmf-dist/tex/generic/pgf/utilities/pgfkeys.code.tex
\pgfkeys@pathtoks=\toks17
\pgfkeys@temptoks=\toks18

(/usr/share/texlive/texmf-dist/tex/generic/pgf/utilities/pgfkeysfiltered.code.t
ex
\pgfkeys@tmptoks=\toks19
))
\pgf@x=\dimen131
\pgf@y=\dimen132
\pgf@xa=\dimen133
\pgf@ya=\dimen134
\pgf@xb=\dimen135
\pgf@yb=\dimen136
\pgf@xc=\dimen137
\pgf@yc=\dimen138
\w@pgf@writea=\write3
\r@pgf@reada=\read1
\c@pgf@counta=\count106
\c@pgf@countb=\count107
\c@pgf@countc=\count108
\c@pgf@countd=\count109
\t@pgf@toka=\toks20
\t@pgf@tokb=\toks21
\t@pgf@tokc=\toks22
 (/usr/share/texlive/texmf-dist/tex/generic/pgf/systemlayer/pgf.cfg
File: pgf.cfg 2008/05/14  (rcs-revision 1.7)
)
Driver file for pgf: pgfsys-pdftex.def

(/usr/share/texlive/texmf-dist/tex/generic/pgf/systemlayer/pgfsys-pdftex.def
File: pgfsys-pdftex.def 2014/10/11  (rcs-revision 1.35)

(/usr/share/texlive/texmf-dist/tex/generic/pgf/systemlayer/pgfsys-common-pdf.de
f
File: pgfsys-common-pdf.def 2013/10/10  (rcs-revision 1.13)
)))
(/usr/share/texlive/texmf-dist/tex/generic/pgf/systemlayer/pgfsyssoftpath.code.
tex
File: pgfsyssoftpath.code.tex 2013/09/09  (rcs-revision 1.9)
\pgfsyssoftpath@smallbuffer@items=\count110
\pgfsyssoftpath@bigbuffer@items=\count111
)
(/usr/share/texlive/texmf-dist/tex/generic/pgf/systemlayer/pgfsysprotocol.code.
tex
File: pgfsysprotocol.code.tex 2006/10/16  (rcs-revision 1.4)
)) (/usr/share/texlive/texmf-dist/tex/latex/xcolor/xcolor.sty
Package: xcolor 2007/01/21 v2.11 LaTeX color extensions (UK)

(/usr/share/texlive/texmf-dist/tex/latex/latexconfig/color.cfg
File: color.cfg 2007/01/18 v1.5 color configuration of teTeX/TeXLive
)
Package xcolor Info: Driver file: pdftex.def on input line 225.
Package xcolor Info: Model `cmy' substituted by `cmy0' on input line 1337.
Package xcolor Info: Model `hsb' substituted by `rgb' on input line 1341.
Package xcolor Info: Model `RGB' extended on input line 1353.
Package xcolor Info: Model `HTML' substituted by `rgb' on input line 1355.
Package xcolor Info: Model `Hsb' substituted by `hsb' on input line 1356.
Package xcolor Info: Model `tHsb' substituted by `hsb' on input line 1357.
Package xcolor Info: Model `HSB' substituted by `hsb' on input line 1358.
Package xcolor Info: Model `Gray' substituted by `gray' on input line 1359.
Package xcolor Info: Model `wave' substituted by `hsb' on input line 1360.
)
(/usr/share/texlive/texmf-dist/tex/generic/pgf/basiclayer/pgfcore.code.tex
Package: pgfcore 2010/04/11 v3.0.1a (rcs-revision 1.7)

(/usr/share/texlive/texmf-dist/tex/generic/pgf/math/pgfmath.code.tex
(/usr/share/texlive/texmf-dist/tex/generic/pgf/math/pgfmathcalc.code.tex
(/usr/share/texlive/texmf-dist/tex/generic/pgf/math/pgfmathutil.code.tex)
(/usr/share/texlive/texmf-dist/tex/generic/pgf/math/pgfmathparser.code.tex
\pgfmath@dimen=\dimen139
\pgfmath@count=\count112
\pgfmath@box=\box35
\pgfmath@toks=\toks23
\pgfmath@stack@operand=\toks24
\pgfmath@stack@operation=\toks25
)
(/usr/share/texlive/texmf-dist/tex/generic/pgf/math/pgfmathfunctions.code.tex
(/usr/share/texlive/texmf-dist/tex/generic/pgf/math/pgfmathfunctions.basic.code
.tex)
(/usr/share/texlive/texmf-dist/tex/generic/pgf/math/pgfmathfunctions.trigonomet
ric.code.tex)
(/usr/share/texlive/texmf-dist/tex/generic/pgf/math/pgfmathfunctions.random.cod
e.tex)
(/usr/share/texlive/texmf-dist/tex/generic/pgf/math/pgfmathfunctions.comparison
.code.tex)
(/usr/share/texlive/texmf-dist/tex/generic/pgf/math/pgfmathfunctions.base.code.
tex)
(/usr/share/texlive/texmf-dist/tex/generic/pgf/math/pgfmathfunctions.round.code
.tex)
(/usr/share/texlive/texmf-dist/tex/generic/pgf/math/pgfmathfunctions.misc.code.
tex)
(/usr/share/texlive/texmf-dist/tex/generic/pgf/math/pgfmathfunctions.integerari
thmetics.code.tex)))
(/usr/share/texlive/texmf-dist/tex/generic/pgf/math/pgfmathfloat.code.tex
\c@pgfmathroundto@lastzeros=\count113
))
(/usr/share/texlive/texmf-dist/tex/generic/pgf/basiclayer/pgfcorepoints.code.te
x
File: pgfcorepoints.code.tex 2013/10/07  (rcs-revision 1.27)
\pgf@picminx=\dimen140
\pgf@picmaxx=\dimen141
\pgf@picminy=\dimen142
\pgf@picmaxy=\dimen143
\pgf@pathminx=\dimen144
\pgf@pathmaxx=\dimen145
\pgf@pathminy=\dimen146
\pgf@pathmaxy=\dimen147
\pgf@xx=\dimen148
\pgf@xy=\dimen149
\pgf@yx=\dimen150
\pgf@yy=\dimen151
\pgf@zx=\dimen152
\pgf@zy=\dimen153
)
(/usr/share/texlive/texmf-dist/tex/generic/pgf/basiclayer/pgfcorepathconstruct.
code.tex
File: pgfcorepathconstruct.code.tex 2013/10/07  (rcs-revision 1.29)
\pgf@path@lastx=\dimen154
\pgf@path@lasty=\dimen155
)
(/usr/share/texlive/texmf-dist/tex/generic/pgf/basiclayer/pgfcorepathusage.code
.tex
File: pgfcorepathusage.code.tex 2014/11/02  (rcs-revision 1.24)
\pgf@shorten@end@additional=\dimen156
\pgf@shorten@start@additional=\dimen157
)
(/usr/share/texlive/texmf-dist/tex/generic/pgf/basiclayer/pgfcorescopes.code.te
x
File: pgfcorescopes.code.tex 2015/05/08  (rcs-revision 1.46)
\pgfpic=\box36
\pgf@hbox=\box37
\pgf@layerbox@main=\box38
\pgf@picture@serial@count=\count114
)
(/usr/share/texlive/texmf-dist/tex/generic/pgf/basiclayer/pgfcoregraphicstate.c
ode.tex
File: pgfcoregraphicstate.code.tex 2014/11/02  (rcs-revision 1.12)
\pgflinewidth=\dimen158
)
(/usr/share/texlive/texmf-dist/tex/generic/pgf/basiclayer/pgfcoretransformation
s.code.tex
File: pgfcoretransformations.code.tex 2015/08/07  (rcs-revision 1.20)
\pgf@pt@x=\dimen159
\pgf@pt@y=\dimen160
\pgf@pt@temp=\dimen161
)
(/usr/share/texlive/texmf-dist/tex/generic/pgf/basiclayer/pgfcorequick.code.tex
File: pgfcorequick.code.tex 2008/10/09  (rcs-revision 1.3)
)
(/usr/share/texlive/texmf-dist/tex/generic/pgf/basiclayer/pgfcoreobjects.code.t
ex
File: pgfcoreobjects.code.tex 2006/10/11  (rcs-revision 1.2)
)
(/usr/share/texlive/texmf-dist/tex/generic/pgf/basiclayer/pgfcorepathprocessing
.code.tex
File: pgfcorepathprocessing.code.tex 2013/09/09  (rcs-revision 1.9)
)
(/usr/share/texlive/texmf-dist/tex/generic/pgf/basiclayer/pgfcorearrows.code.te
x
File: pgfcorearrows.code.tex 2015/05/14  (rcs-revision 1.43)
\pgfarrowsep=\dimen162
)
(/usr/share/texlive/texmf-dist/tex/generic/pgf/basiclayer/pgfcoreshade.code.tex
File: pgfcoreshade.code.tex 2013/07/15  (rcs-revision 1.15)
\pgf@max=\dimen163
\pgf@sys@shading@range@num=\count115
)
(/usr/share/texlive/texmf-dist/tex/generic/pgf/basiclayer/pgfcoreimage.code.tex
File: pgfcoreimage.code.tex 2013/07/15  (rcs-revision 1.18)

(/usr/share/texlive/texmf-dist/tex/generic/pgf/basiclayer/pgfcoreexternal.code.
tex
File: pgfcoreexternal.code.tex 2014/07/09  (rcs-revision 1.21)
\pgfexternal@startupbox=\box39
))
(/usr/share/texlive/texmf-dist/tex/generic/pgf/basiclayer/pgfcorelayers.code.te
x
File: pgfcorelayers.code.tex 2013/07/18  (rcs-revision 1.7)
)
(/usr/share/texlive/texmf-dist/tex/generic/pgf/basiclayer/pgfcoretransparency.c
ode.tex
File: pgfcoretransparency.code.tex 2013/09/30  (rcs-revision 1.5)
)
(/usr/share/texlive/texmf-dist/tex/generic/pgf/basiclayer/pgfcorepatterns.code.
tex
File: pgfcorepatterns.code.tex 2013/11/07  (rcs-revision 1.5)
))) (/usr/share/texlive/texmf-dist/tex/latex/pgf/utilities/xxcolor.sty
Package: xxcolor 2003/10/24 ver 0.1
\XC@nummixins=\count116
\XC@countmixins=\count117
)
(/usr/share/texlive/texmf-dist/tex/generic/oberdiek/atbegshi.sty
Package: atbegshi 2011/10/05 v1.16 At begin shipout hook (HO)
)
(/usr/share/texlive/texmf-dist/tex/latex/hyperref/hyperref.sty
Package: hyperref 2012/11/06 v6.83m Hypertext links for LaTeX

(/usr/share/texlive/texmf-dist/tex/generic/oberdiek/hobsub-hyperref.sty
Package: hobsub-hyperref 2012/05/28 v1.13 Bundle oberdiek, subset hyperref (HO)


(/usr/share/texlive/texmf-dist/tex/generic/oberdiek/hobsub-generic.sty
Package: hobsub-generic 2012/05/28 v1.13 Bundle oberdiek, subset generic (HO)
Package: hobsub 2012/05/28 v1.13 Construct package bundles (HO)
Package hobsub Info: Skipping package `infwarerr' (already loaded).
Package hobsub Info: Skipping package `ltxcmds' (already loaded).
Package: ifluatex 2010/03/01 v1.3 Provides the ifluatex switch (HO)
Package ifluatex Info: LuaTeX not detected.
Package hobsub Info: Skipping package `ifvtex' (already loaded).
Package: intcalc 2007/09/27 v1.1 Expandable calculations with integers (HO)
Package hobsub Info: Skipping package `ifpdf' (already loaded).
Package: etexcmds 2011/02/16 v1.5 Avoid name clashes with e-TeX commands (HO)
Package etexcmds Info: Could not find \expanded.
(etexcmds)             That can mean that you are not using pdfTeX 1.50 or
(etexcmds)             that some package has redefined \expanded.
(etexcmds)             In the latter case, load this package earlier.
Package: kvsetkeys 2012/04/25 v1.16 Key value parser (HO)
Package: kvdefinekeys 2011/04/07 v1.3 Define keys (HO)
Package: pdftexcmds 2011/11/29 v0.20 Utility functions of pdfTeX for LuaTeX (HO
)
Package pdftexcmds Info: LuaTeX not detected.
Package pdftexcmds Info: \pdf@primitive is available.
Package pdftexcmds Info: \pdf@ifprimitive is available.
Package pdftexcmds Info: \pdfdraftmode found.
Package: pdfescape 2011/11/25 v1.13 Implements pdfTeX's escape features (HO)
Package: bigintcalc 2012/04/08 v1.3 Expandable calculations on big integers (HO
)
Package: bitset 2011/01/30 v1.1 Handle bit-vector datatype (HO)
Package: uniquecounter 2011/01/30 v1.2 Provide unlimited unique counter (HO)
)
Package hobsub Info: Skipping package `hobsub' (already loaded).
Package: letltxmacro 2010/09/02 v1.4 Let assignment for LaTeX macros (HO)
Package: hopatch 2012/05/28 v1.2 Wrapper for package hooks (HO)
Package: xcolor-patch 2011/01/30 xcolor patch
Package: atveryend 2011/06/30 v1.8 Hooks at the very end of document (HO)
Package atveryend Info: \enddocument detected (standard20110627).
Package hobsub Info: Skipping package `atbegshi' (already loaded).
Package: refcount 2011/10/16 v3.4 Data extraction from label references (HO)
Package: hycolor 2011/01/30 v1.7 Color options for hyperref/bookmark (HO)
)
(/usr/share/texlive/texmf-dist/tex/latex/oberdiek/auxhook.sty
Package: auxhook 2011/03/04 v1.3 Hooks for auxiliary files (HO)
)
(/usr/share/texlive/texmf-dist/tex/latex/oberdiek/kvoptions.sty
Package: kvoptions 2011/06/30 v3.11 Key value format for package options (HO)
)
\@linkdim=\dimen164
\Hy@linkcounter=\count118
\Hy@pagecounter=\count119

(/usr/share/texlive/texmf-dist/tex/latex/hyperref/pd1enc.def
File: pd1enc.def 2012/11/06 v6.83m Hyperref: PDFDocEncoding definition (HO)
)
\Hy@SavedSpaceFactor=\count120

(/usr/share/texlive/texmf-dist/tex/latex/latexconfig/hyperref.cfg
File: hyperref.cfg 2002/06/06 v1.2 hyperref configuration of TeXLive
)
Package hyperref Info: Option `bookmarks' set `true' on input line 4319.
Package hyperref Info: Option `bookmarksopen' set `true' on input line 4319.
Package hyperref Info: Option `implicit' set `false' on input line 4319.
Package hyperref Info: Hyper figures OFF on input line 4443.
Package hyperref Info: Link nesting OFF on input line 4448.
Package hyperref Info: Hyper index ON on input line 4451.
Package hyperref Info: Plain pages OFF on input line 4458.
Package hyperref Info: Backreferencing OFF on input line 4463.
Package hyperref Info: Implicit mode OFF; no redefinition of LaTeX internals.
Package hyperref Info: Bookmarks ON on input line 4688.
\c@Hy@tempcnt=\count121

(/usr/share/texlive/texmf-dist/tex/latex/url/url.sty
\Urlmuskip=\muskip10
Package: url 2013/09/16  ver 3.4  Verb mode for urls, etc.
)
LaTeX Info: Redefining \url on input line 5041.
\XeTeXLinkMargin=\dimen165
\Fld@menulength=\count122
\Field@Width=\dimen166
\Fld@charsize=\dimen167
Package hyperref Info: Hyper figures OFF on input line 6295.
Package hyperref Info: Link nesting OFF on input line 6300.
Package hyperref Info: Hyper index ON on input line 6303.
Package hyperref Info: backreferencing OFF on input line 6310.
Package hyperref Info: Link coloring OFF on input line 6315.
Package hyperref Info: Link coloring with OCG OFF on input line 6320.
Package hyperref Info: PDF/A mode OFF on input line 6325.
LaTeX Info: Redefining \ref on input line 6365.
LaTeX Info: Redefining \pageref on input line 6369.
\Hy@abspage=\count123


Package hyperref Message: Stopped early.

)

Package hyperref Message: Driver (autodetected): hpdftex.

(/usr/share/texlive/texmf-dist/tex/latex/hyperref/hpdftex.def
File: hpdftex.def 2012/11/06 v6.83m Hyperref driver for pdfTeX
\Fld@listcount=\count124
\c@bookmark@seq@number=\count125

(/usr/share/texlive/texmf-dist/tex/latex/oberdiek/rerunfilecheck.sty
Package: rerunfilecheck 2011/04/15 v1.7 Rerun checks for auxiliary files (HO)
Package uniquecounter Info: New unique counter `rerunfilecheck' on input line 2
82.
))
(/usr/share/texlive/texmf-dist/tex/latex/beamer/beamerbaserequires.sty
Package: beamerbaserequires 2010/05/01  (rcs-revision efa082c6111d)

(/usr/share/texlive/texmf-dist/tex/latex/beamer/beamerbasecompatibility.sty
Package: beamerbasecompatibility 2012/05/01  (rcs-revision 67c48b3b652d)
)
(/usr/share/texlive/texmf-dist/tex/latex/beamer/beamerbasefont.sty
Package: beamerbasefont 2015/01/05  (rcs-revision b4b4bee242e2)

(/usr/share/texlive/texmf-dist/tex/latex/amsfonts/amssymb.sty
Package: amssymb 2013/01/14 v3.01 AMS font symbols

(/usr/share/texlive/texmf-dist/tex/latex/amsfonts/amsfonts.sty
Package: amsfonts 2013/01/14 v3.01 Basic AMSFonts support
\@emptytoks=\toks26
\symAMSa=\mathgroup4
\symAMSb=\mathgroup5
LaTeX Font Info:    Overwriting math alphabet `\mathfrak' in version `bold'
(Font)                  U/euf/m/n --> U/euf/b/n on input line 106.
))
(/usr/share/texlive/texmf-dist/tex/latex/sansmathaccent/sansmathaccent.sty
Package: sansmathaccent 2013/03/28

(/usr/share/texlive/texmf-dist/tex/latex/filehook/filehook.sty
Package: filehook 2011/10/12 v0.5d Hooks for input files
)))
(/usr/share/texlive/texmf-dist/tex/latex/beamer/beamerbasetranslator.sty
Package: beamerbasetranslator 2010/06/11  (rcs-revision 85fd1cc7fc42)

(/usr/share/texlive/texmf-dist/tex/latex/beamer/translator/translator.sty
Package: translator 2010/06/12 ver 1.10

(/usr/share/texlive/texmf-dist/tex/latex/beamer/translator/translator-language-
mappings.tex)))
(/usr/share/texlive/texmf-dist/tex/latex/beamer/beamerbasemisc.sty
Package: beamerbasemisc 2013/09/03  (rcs-revision a55719c41d85)
)
(/usr/share/texlive/texmf-dist/tex/latex/beamer/beamerbasetwoscreens.sty
Package: beamerbasetwoscreens 2010/05/01  (rcs-revision efa082c6111d)
)
(/usr/share/texlive/texmf-dist/tex/latex/beamer/beamerbaseoverlay.sty
Package: beamerbaseoverlay 2013/12/25  (rcs-revision f6bd5e3805da)
\beamer@argscount=\count126
\beamer@lastskipcover=\skip44
\beamer@trivlistdepth=\count127
)
(/usr/share/texlive/texmf-dist/tex/latex/beamer/beamerbasetitle.sty
Package: beamerbasetitle 2010/09/21  (rcs-revision f0446ed0b6ae)
)
(/usr/share/texlive/texmf-dist/tex/latex/beamer/beamerbasesection.sty
Package: beamerbasesection 2013/06/07  (rcs-revision 60b9fe0f342f)
\c@lecture=\count128
\c@part=\count129
\c@section=\count130
\c@subsection=\count131
\c@subsubsection=\count132
)
(/usr/share/texlive/texmf-dist/tex/latex/beamer/beamerbaseframe.sty
Package: beamerbaseframe 2014/02/20  (rcs-revision 4b8ceeeff434)
\beamer@framebox=\box40
\beamer@frametitlebox=\box41
\beamer@zoombox=\box42
\beamer@zoomcount=\count133
\beamer@zoomframecount=\count134
\beamer@frametextheight=\dimen168
\c@subsectionslide=\count135
\beamer@frametopskip=\skip45
\beamer@framebottomskip=\skip46
\beamer@frametopskipautobreak=\skip47
\beamer@framebottomskipautobreak=\skip48
\beamer@envbody=\toks27
\framewidth=\dimen169
\c@framenumber=\count136
)
(/usr/share/texlive/texmf-dist/tex/latex/beamer/beamerbaseverbatim.sty
Package: beamerbaseverbatim 2015/01/05  (rcs-revision 431510bb5890)
\beamer@verbatimfileout=\write4
)
(/usr/share/texlive/texmf-dist/tex/latex/beamer/beamerbaseframesize.sty
Package: beamerbaseframesize 2011/09/12  (rcs-revision 70f9d8411e54)
\beamer@splitbox=\box43
\beamer@autobreakcount=\count137
\beamer@autobreaklastheight=\dimen170
\beamer@frametitletoks=\toks28
\beamer@framesubtitletoks=\toks29
)
(/usr/share/texlive/texmf-dist/tex/latex/beamer/beamerbaseframecomponents.sty
Package: beamerbaseframecomponents 2013/10/18  (rcs-revision 5cf6c5555a45)
\beamer@footins=\box44
)
(/usr/share/texlive/texmf-dist/tex/latex/beamer/beamerbasecolor.sty
Package: beamerbasecolor 2015/02/21  (rcs-revision d944b04ee2d5)
)
(/usr/share/texlive/texmf-dist/tex/latex/beamer/beamerbasenotes.sty
Package: beamerbasenotes 2012/12/19  (rcs-revision 1686da3db3c9)
\beamer@frameboxcopy=\box45
)
(/usr/share/texlive/texmf-dist/tex/latex/beamer/beamerbasetoc.sty
Package: beamerbasetoc 2015/03/08  (rcs-revision 7270298bbaae)
)
(/usr/share/texlive/texmf-dist/tex/latex/beamer/beamerbasetemplates.sty
Package: beamerbasetemplates 2010/05/01  (rcs-revision efa082c6111d)
\beamer@sbttoks=\toks30

(/usr/share/texlive/texmf-dist/tex/latex/beamer/beamerbaseauxtemplates.sty
Package: beamerbaseauxtemplates 2014/06/30  (rcs-revision 580088513a67)

(/usr/share/texlive/texmf-dist/tex/latex/beamer/beamerbaseboxes.sty
Package: beamerbaseboxes 2012/05/13  (rcs-revision 56972908a390)
\bmb@box=\box46
\bmb@colorbox=\box47
\bmb@boxshadow=\box48
\bmb@boxshadowball=\box49
\bmb@boxshadowballlarge=\box50
\bmb@temp=\dimen171
\bmb@dima=\dimen172
\bmb@dimb=\dimen173
\bmb@prevheight=\dimen174
)
\beamer@blockheadheight=\dimen175
))
(/usr/share/texlive/texmf-dist/tex/latex/beamer/beamerbaselocalstructure.sty
Package: beamerbaselocalstructure 2014/09/10  (rcs-revision 393f6dcff371)

(/usr/share/texlive/texmf-dist/tex/latex/tools/enumerate.sty
Package: enumerate 2015/07/23 v3.00 enumerate extensions (DPC)
\@enLab=\toks31
)
\c@figure=\count138
\c@table=\count139
\abovecaptionskip=\skip49
\belowcaptionskip=\skip50
)
(/usr/share/texlive/texmf-dist/tex/latex/beamer/beamerbasenavigation.sty
Package: beamerbasenavigation 2015/02/27  (rcs-revision 923f4bf87efa)
\beamer@section@min@dim=\dimen176
)
(/usr/share/texlive/texmf-dist/tex/latex/beamer/beamerbasetheorems.sty
Package: beamerbasetheorems 2010/06/06  (rcs-revision 7e7cc5e53e9d)

(/usr/share/texlive/texmf-dist/tex/latex/amsmath/amsmath.sty
Package: amsmath 2016/03/03 v2.15a AMS math features
\@mathmargin=\skip51

For additional information on amsmath, use the `?' option.
(/usr/share/texlive/texmf-dist/tex/latex/amsmath/amstext.sty
Package: amstext 2000/06/29 v2.01 AMS text

(/usr/share/texlive/texmf-dist/tex/latex/amsmath/amsgen.sty
File: amsgen.sty 1999/11/30 v2.0 generic functions
\@emptytoks=\toks32
\ex@=\dimen177
))
(/usr/share/texlive/texmf-dist/tex/latex/amsmath/amsbsy.sty
Package: amsbsy 1999/11/29 v1.2d Bold Symbols
\pmbraise@=\dimen178
)
(/usr/share/texlive/texmf-dist/tex/latex/amsmath/amsopn.sty
Package: amsopn 1999/12/14 v2.01 operator names
)
\inf@bad=\count140
LaTeX Info: Redefining \frac on input line 199.
\uproot@=\count141
\leftroot@=\count142
LaTeX Info: Redefining \overline on input line 297.
\classnum@=\count143
\DOTSCASE@=\count144
LaTeX Info: Redefining \ldots on input line 394.
LaTeX Info: Redefining \dots on input line 397.
LaTeX Info: Redefining \cdots on input line 518.
\Mathstrutbox@=\box51
\strutbox@=\box52
\big@size=\dimen179
LaTeX Font Info:    Redeclaring font encoding OML on input line 630.
LaTeX Font Info:    Redeclaring font encoding OMS on input line 631.
\macc@depth=\count145
\c@MaxMatrixCols=\count146
\dotsspace@=\muskip11
\c@parentequation=\count147
\dspbrk@lvl=\count148
\tag@help=\toks33
\row@=\count149
\column@=\count150
\maxfields@=\count151
\andhelp@=\toks34
\eqnshift@=\dimen180
\alignsep@=\dimen181
\tagshift@=\dimen182
\tagwidth@=\dimen183
\totwidth@=\dimen184
\lineht@=\dimen185
\@envbody=\toks35
\multlinegap=\skip52
\multlinetaggap=\skip53
\mathdisplay@stack=\toks36
LaTeX Info: Redefining \[ on input line 2735.
LaTeX Info: Redefining \] on input line 2736.
)
(/usr/share/texlive/texmf-dist/tex/latex/amscls/amsthm.sty
Package: amsthm 2015/03/04 v2.20.2
\thm@style=\toks37
\thm@bodyfont=\toks38
\thm@headfont=\toks39
\thm@notefont=\toks40
\thm@headpunct=\toks41
\thm@preskip=\skip54
\thm@postskip=\skip55
\thm@headsep=\skip56
\dth@everypar=\toks42
)
\c@theorem=\count152
)
(/usr/share/texlive/texmf-dist/tex/latex/beamer/beamerbasethemes.sty
Package: beamerbasethemes 2010/05/01  (rcs-revision efa082c6111d)
))
(/usr/share/texlive/texmf-dist/tex/latex/beamer/themes/theme/beamerthemedefault
.sty
Package: beamerthemedefault 2010/06/17  (rcs-revision d02a7cf4d8ae)

(/usr/share/texlive/texmf-dist/tex/latex/beamer/themes/font/beamerfontthemedefa
ult.sty
Package: beamerfontthemedefault 2012/12/19  (rcs-revision 1686da3db3c9)
)
(/usr/share/texlive/texmf-dist/tex/latex/beamer/themes/color/beamercolorthemede
fault.sty
Package: beamercolorthemedefault 2012/12/19  (rcs-revision 1686da3db3c9)
)
(/usr/share/texlive/texmf-dist/tex/latex/beamer/themes/inner/beamerinnerthemede
fault.sty
Package: beamerinnerthemedefault 2014/06/30  (rcs-revision 580088513a67)
\beamer@dima=\dimen186
\beamer@dimb=\dimen187
)
(/usr/share/texlive/texmf-dist/tex/latex/beamer/themes/outer/beamerouterthemede
fault.sty
Package: beamerouterthemedefault 2012/12/19  (rcs-revision 1686da3db3c9)
)))
(/usr/share/texlive/texmf-dist/tex/latex/beamer/themes/theme/beamerthemeCambrid
geUS.sty
Package: beamerthemeCambridgeUS 2010/06/17  (rcs-revision d02a7cf4d8ae)

(/usr/share/texlive/texmf-dist/tex/latex/beamer/themes/inner/beamerinnerthemero
unded.sty
Package: beamerinnerthemerounded 2010/06/17  (rcs-revision d02a7cf4d8ae)
)
(/usr/share/texlive/texmf-dist/tex/latex/beamer/themes/outer/beamerouterthemein
folines.sty
Package: beamerouterthemeinfolines 2012/10/16  (rcs-revision 51a8c72084af)
)
(/usr/share/texlive/texmf-dist/tex/latex/beamer/themes/color/beamercolorthemebe
aver.sty
Package: beamercolorthemebeaver 2010/06/17  (rcs-revision d02a7cf4d8ae)
)) (/usr/share/texlive/texmf-dist/tex/latex/base/inputenc.sty
Package: inputenc 2015/03/17 v1.2c Input encoding file
\inpenc@prehook=\toks43
\inpenc@posthook=\toks44

(/usr/share/texlive/texmf-dist/tex/latex/base/utf8.def
File: utf8.def 2015/12/03 v1.1r UTF-8 support for inputenc
Now handling font encoding OML ...
... no UTF-8 mapping file for font encoding OML
Now handling font encoding T1 ...
... processing UTF-8 mapping file for font encoding T1

(/usr/share/texlive/texmf-dist/tex/latex/base/t1enc.dfu
File: t1enc.dfu 2015/12/03 v1.1r UTF-8 support for inputenc
   defining Unicode char U+00A0 (decimal 160)
   defining Unicode char U+00A1 (decimal 161)
   defining Unicode char U+00A3 (decimal 163)
   defining Unicode char U+00AB (decimal 171)
   defining Unicode char U+00AD (decimal 173)
   defining Unicode char U+00BB (decimal 187)
   defining Unicode char U+00BF (decimal 191)
   defining Unicode char U+00C0 (decimal 192)
   defining Unicode char U+00C1 (decimal 193)
   defining Unicode char U+00C2 (decimal 194)
   defining Unicode char U+00C3 (decimal 195)
   defining Unicode char U+00C4 (decimal 196)
   defining Unicode char U+00C5 (decimal 197)
   defining Unicode char U+00C6 (decimal 198)
   defining Unicode char U+00C7 (decimal 199)
   defining Unicode char U+00C8 (decimal 200)
   defining Unicode char U+00C9 (decimal 201)
   defining Unicode char U+00CA (decimal 202)
   defining Unicode char U+00CB (decimal 203)
   defining Unicode char U+00CC (decimal 204)
   defining Unicode char U+00CD (decimal 205)
   defining Unicode char U+00CE (decimal 206)
   defining Unicode char U+00CF (decimal 207)
   defining Unicode char U+00D0 (decimal 208)
   defining Unicode char U+00D1 (decimal 209)
   defining Unicode char U+00D2 (decimal 210)
   defining Unicode char U+00D3 (decimal 211)
   defining Unicode char U+00D4 (decimal 212)
   defining Unicode char U+00D5 (decimal 213)
   defining Unicode char U+00D6 (decimal 214)
   defining Unicode char U+00D8 (decimal 216)
   defining Unicode char U+00D9 (decimal 217)
   defining Unicode char U+00DA (decimal 218)
   defining Unicode char U+00DB (decimal 219)
   defining Unicode char U+00DC (decimal 220)
   defining Unicode char U+00DD (decimal 221)
   defining Unicode char U+00DE (decimal 222)
   defining Unicode char U+00DF (decimal 223)
   defining Unicode char U+00E0 (decimal 224)
   defining Unicode char U+00E1 (decimal 225)
   defining Unicode char U+00E2 (decimal 226)
   defining Unicode char U+00E3 (decimal 227)
   defining Unicode char U+00E4 (decimal 228)
   defining Unicode char U+00E5 (decimal 229)
   defining Unicode char U+00E6 (decimal 230)
   defining Unicode char U+00E7 (decimal 231)
   defining Unicode char U+00E8 (decimal 232)
   defining Unicode char U+00E9 (decimal 233)
   defining Unicode char U+00EA (decimal 234)
   defining Unicode char U+00EB (decimal 235)
   defining Unicode char U+00EC (decimal 236)
   defining Unicode char U+00ED (decimal 237)
   defining Unicode char U+00EE (decimal 238)
   defining Unicode char U+00EF (decimal 239)
   defining Unicode char U+00F0 (decimal 240)
   defining Unicode char U+00F1 (decimal 241)
   defining Unicode char U+00F2 (decimal 242)
   defining Unicode char U+00F3 (decimal 243)
   defining Unicode char U+00F4 (decimal 244)
   defining Unicode char U+00F5 (decimal 245)
   defining Unicode char U+00F6 (decimal 246)
   defining Unicode char U+00F8 (decimal 248)
   defining Unicode char U+00F9 (decimal 249)
   defining Unicode char U+00FA (decimal 250)
   defining Unicode char U+00FB (decimal 251)
   defining Unicode char U+00FC (decimal 252)
   defining Unicode char U+00FD (decimal 253)
   defining Unicode char U+00FE (decimal 254)
   defining Unicode char U+00FF (decimal 255)
   defining Unicode char U+0100 (decimal 256)
   defining Unicode char U+0101 (decimal 257)
   defining Unicode char U+0102 (decimal 258)
   defining Unicode char U+0103 (decimal 259)
   defining Unicode char U+0104 (decimal 260)
   defining Unicode char U+0105 (decimal 261)
   defining Unicode char U+0106 (decimal 262)
   defining Unicode char U+0107 (decimal 263)
   defining Unicode char U+0108 (decimal 264)
   defining Unicode char U+0109 (decimal 265)
   defining Unicode char U+010A (decimal 266)
   defining Unicode char U+010B (decimal 267)
   defining Unicode char U+010C (decimal 268)
   defining Unicode char U+010D (decimal 269)
   defining Unicode char U+010E (decimal 270)
   defining Unicode char U+010F (decimal 271)
   defining Unicode char U+0110 (decimal 272)
   defining Unicode char U+0111 (decimal 273)
   defining Unicode char U+0112 (decimal 274)
   defining Unicode char U+0113 (decimal 275)
   defining Unicode char U+0114 (decimal 276)
   defining Unicode char U+0115 (decimal 277)
   defining Unicode char U+0116 (decimal 278)
   defining Unicode char U+0117 (decimal 279)
   defining Unicode char U+0118 (decimal 280)
   defining Unicode char U+0119 (decimal 281)
   defining Unicode char U+011A (decimal 282)
   defining Unicode char U+011B (decimal 283)
   defining Unicode char U+011C (decimal 284)
   defining Unicode char U+011D (decimal 285)
   defining Unicode char U+011E (decimal 286)
   defining Unicode char U+011F (decimal 287)
   defining Unicode char U+0120 (decimal 288)
   defining Unicode char U+0121 (decimal 289)
   defining Unicode char U+0122 (decimal 290)
   defining Unicode char U+0123 (decimal 291)
   defining Unicode char U+0124 (decimal 292)
   defining Unicode char U+0125 (decimal 293)
   defining Unicode char U+0128 (decimal 296)
   defining Unicode char U+0129 (decimal 297)
   defining Unicode char U+012A (decimal 298)
   defining Unicode char U+012B (decimal 299)
   defining Unicode char U+012C (decimal 300)
   defining Unicode char U+012D (decimal 301)
   defining Unicode char U+012E (decimal 302)
   defining Unicode char U+012F (decimal 303)
   defining Unicode char U+0130 (decimal 304)
   defining Unicode char U+0131 (decimal 305)
   defining Unicode char U+0132 (decimal 306)
   defining Unicode char U+0133 (decimal 307)
   defining Unicode char U+0134 (decimal 308)
   defining Unicode char U+0135 (decimal 309)
   defining Unicode char U+0136 (decimal 310)
   defining Unicode char U+0137 (decimal 311)
   defining Unicode char U+0139 (decimal 313)
   defining Unicode char U+013A (decimal 314)
   defining Unicode char U+013B (decimal 315)
   defining Unicode char U+013C (decimal 316)
   defining Unicode char U+013D (decimal 317)
   defining Unicode char U+013E (decimal 318)
   defining Unicode char U+0141 (decimal 321)
   defining Unicode char U+0142 (decimal 322)
   defining Unicode char U+0143 (decimal 323)
   defining Unicode char U+0144 (decimal 324)
   defining Unicode char U+0145 (decimal 325)
   defining Unicode char U+0146 (decimal 326)
   defining Unicode char U+0147 (decimal 327)
   defining Unicode char U+0148 (decimal 328)
   defining Unicode char U+014A (decimal 330)
   defining Unicode char U+014B (decimal 331)
   defining Unicode char U+014C (decimal 332)
   defining Unicode char U+014D (decimal 333)
   defining Unicode char U+014E (decimal 334)
   defining Unicode char U+014F (decimal 335)
   defining Unicode char U+0150 (decimal 336)
   defining Unicode char U+0151 (decimal 337)
   defining Unicode char U+0152 (decimal 338)
   defining Unicode char U+0153 (decimal 339)
   defining Unicode char U+0154 (decimal 340)
   defining Unicode char U+0155 (decimal 341)
   defining Unicode char U+0156 (decimal 342)
   defining Unicode char U+0157 (decimal 343)
   defining Unicode char U+0158 (decimal 344)
   defining Unicode char U+0159 (decimal 345)
   defining Unicode char U+015A (decimal 346)
   defining Unicode char U+015B (decimal 347)
   defining Unicode char U+015C (decimal 348)
   defining Unicode char U+015D (decimal 349)
   defining Unicode char U+015E (decimal 350)
   defining Unicode char U+015F (decimal 351)
   defining Unicode char U+0160 (decimal 352)
   defining Unicode char U+0161 (decimal 353)
   defining Unicode char U+0162 (decimal 354)
   defining Unicode char U+0163 (decimal 355)
   defining Unicode char U+0164 (decimal 356)
   defining Unicode char U+0165 (decimal 357)
   defining Unicode char U+0168 (decimal 360)
   defining Unicode char U+0169 (decimal 361)
   defining Unicode char U+016A (decimal 362)
   defining Unicode char U+016B (decimal 363)
   defining Unicode char U+016C (decimal 364)
   defining Unicode char U+016D (decimal 365)
   defining Unicode char U+016E (decimal 366)
   defining Unicode char U+016F (decimal 367)
   defining Unicode char U+0170 (decimal 368)
   defining Unicode char U+0171 (decimal 369)
   defining Unicode char U+0172 (decimal 370)
   defining Unicode char U+0173 (decimal 371)
   defining Unicode char U+0174 (decimal 372)
   defining Unicode char U+0175 (decimal 373)
   defining Unicode char U+0176 (decimal 374)
   defining Unicode char U+0177 (decimal 375)
   defining Unicode char U+0178 (decimal 376)
   defining Unicode char U+0179 (decimal 377)
   defining Unicode char U+017A (decimal 378)
   defining Unicode char U+017B (decimal 379)
   defining Unicode char U+017C (decimal 380)
   defining Unicode char U+017D (decimal 381)
   defining Unicode char U+017E (decimal 382)
   defining Unicode char U+01CD (decimal 461)
   defining Unicode char U+01CE (decimal 462)
   defining Unicode char U+01CF (decimal 463)
   defining Unicode char U+01D0 (decimal 464)
   defining Unicode char U+01D1 (decimal 465)
   defining Unicode char U+01D2 (decimal 466)
   defining Unicode char U+01D3 (decimal 467)
   defining Unicode char U+01D4 (decimal 468)
   defining Unicode char U+01E2 (decimal 482)
   defining Unicode char U+01E3 (decimal 483)
   defining Unicode char U+01E6 (decimal 486)
   defining Unicode char U+01E7 (decimal 487)
   defining Unicode char U+01E8 (decimal 488)
   defining Unicode char U+01E9 (decimal 489)
   defining Unicode char U+01EA (decimal 490)
   defining Unicode char U+01EB (decimal 491)
   defining Unicode char U+01F0 (decimal 496)
   defining Unicode char U+01F4 (decimal 500)
   defining Unicode char U+01F5 (decimal 501)
   defining Unicode char U+0218 (decimal 536)
   defining Unicode char U+0219 (decimal 537)
   defining Unicode char U+021A (decimal 538)
   defining Unicode char U+021B (decimal 539)
   defining Unicode char U+01E02 (decimal 7682)
   defining Unicode char U+01E03 (decimal 7683)
   defining Unicode char U+200C (decimal 8204)
   defining Unicode char U+2013 (decimal 8211)
   defining Unicode char U+2014 (decimal 8212)
   defining Unicode char U+2018 (decimal 8216)
   defining Unicode char U+2019 (decimal 8217)
   defining Unicode char U+201A (decimal 8218)
   defining Unicode char U+201C (decimal 8220)
   defining Unicode char U+201D (decimal 8221)
   defining Unicode char U+201E (decimal 8222)
   defining Unicode char U+2030 (decimal 8240)
   defining Unicode char U+2031 (decimal 8241)
   defining Unicode char U+2039 (decimal 8249)
   defining Unicode char U+203A (decimal 8250)
   defining Unicode char U+2423 (decimal 9251)
)
Now handling font encoding OT1 ...
... processing UTF-8 mapping file for font encoding OT1

(/usr/share/texlive/texmf-dist/tex/latex/base/ot1enc.dfu
File: ot1enc.dfu 2015/12/03 v1.1r UTF-8 support for inputenc
   defining Unicode char U+00A0 (decimal 160)
   defining Unicode char U+00A1 (decimal 161)
   defining Unicode char U+00A3 (decimal 163)
   defining Unicode char U+00AD (decimal 173)
   defining Unicode char U+00B8 (decimal 184)
   defining Unicode char U+00BF (decimal 191)
   defining Unicode char U+00C5 (decimal 197)
   defining Unicode char U+00C6 (decimal 198)
   defining Unicode char U+00D8 (decimal 216)
   defining Unicode char U+00DF (decimal 223)
   defining Unicode char U+00E6 (decimal 230)
   defining Unicode char U+00EC (decimal 236)
   defining Unicode char U+00ED (decimal 237)
   defining Unicode char U+00EE (decimal 238)
   defining Unicode char U+00EF (decimal 239)
   defining Unicode char U+00F8 (decimal 248)
   defining Unicode char U+0131 (decimal 305)
   defining Unicode char U+0141 (decimal 321)
   defining Unicode char U+0142 (decimal 322)
   defining Unicode char U+0152 (decimal 338)
   defining Unicode char U+0153 (decimal 339)
   defining Unicode char U+0174 (decimal 372)
   defining Unicode char U+0175 (decimal 373)
   defining Unicode char U+0176 (decimal 374)
   defining Unicode char U+0177 (decimal 375)
   defining Unicode char U+0218 (decimal 536)
   defining Unicode char U+0219 (decimal 537)
   defining Unicode char U+021A (decimal 538)
   defining Unicode char U+021B (decimal 539)
   defining Unicode char U+2013 (decimal 8211)
   defining Unicode char U+2014 (decimal 8212)
   defining Unicode char U+2018 (decimal 8216)
   defining Unicode char U+2019 (decimal 8217)
   defining Unicode char U+201C (decimal 8220)
   defining Unicode char U+201D (decimal 8221)
)
Now handling font encoding OMS ...
... processing UTF-8 mapping file for font encoding OMS

(/usr/share/texlive/texmf-dist/tex/latex/base/omsenc.dfu
File: omsenc.dfu 2015/12/03 v1.1r UTF-8 support for inputenc
   defining Unicode char U+00A7 (decimal 167)
   defining Unicode char U+00B6 (decimal 182)
   defining Unicode char U+00B7 (decimal 183)
   defining Unicode char U+2020 (decimal 8224)
   defining Unicode char U+2021 (decimal 8225)
   defining Unicode char U+2022 (decimal 8226)
)
Now handling font encoding OMX ...
... no UTF-8 mapping file for font encoding OMX
Now handling font encoding U ...
... no UTF-8 mapping file for font encoding U
Now handling font encoding PD1 ...
... no UTF-8 mapping file for font encoding PD1
   defining Unicode char U+00A9 (decimal 169)
   defining Unicode char U+00AA (decimal 170)
   defining Unicode char U+00AE (decimal 174)
   defining Unicode char U+00BA (decimal 186)
   defining Unicode char U+02C6 (decimal 710)
   defining Unicode char U+02DC (decimal 732)
   defining Unicode char U+200C (decimal 8204)
   defining Unicode char U+2026 (decimal 8230)
   defining Unicode char U+2122 (decimal 8482)
   defining Unicode char U+2423 (decimal 9251)
))
(/usr/share/texlive/texmf-dist/tex/latex/oberdiek/epstopdf.sty
Package: epstopdf 2010/02/09 v2.5 Conversion with epstopdf on the fly (HO)

(/usr/share/texlive/texmf-dist/tex/latex/oberdiek/epstopdf-base.sty
Package: epstopdf-base 2010/02/09 v2.5 Base part for package epstopdf

(/usr/share/texlive/texmf-dist/tex/latex/oberdiek/grfext.sty
Package: grfext 2010/08/19 v1.1 Manage graphics extensions (HO)
)
Package grfext Info: Graphics extension search list:
(grfext)             [.png,.pdf,.jpg,.mps,.jpeg,.jbig2,.jb2,.PNG,.PDF,.JPG,.JPE
G,.JBIG2,.JB2,.eps]
(grfext)             \AppendGraphicsExtensions on input line 452.

(/usr/share/texlive/texmf-dist/tex/latex/latexconfig/epstopdf-sys.cfg
File: epstopdf-sys.cfg 2010/07/13 v1.3 Configuration of (r)epstopdf for TeX Liv
e
)))
(/usr/share/texlive/texmf-dist/tex/latex/booktabs/booktabs.sty
Package: booktabs 2005/04/14 v1.61803 publication quality tables
\heavyrulewidth=\dimen188
\lightrulewidth=\dimen189
\cmidrulewidth=\dimen190
\belowrulesep=\dimen191
\belowbottomsep=\dimen192
\aboverulesep=\dimen193
\abovetopsep=\dimen194
\cmidrulesep=\dimen195
\cmidrulekern=\dimen196
\defaultaddspace=\dimen197
\@cmidla=\count153
\@cmidlb=\count154
\@aboverulesep=\dimen198
\@belowrulesep=\dimen199
\@thisruleclass=\count155
\@lastruleclass=\count156
\@thisrulewidth=\dimen256
)
(/usr/share/texlive/texmf-dist/tex/latex/pgf/frontendlayer/tikz.sty
(/usr/share/texlive/texmf-dist/tex/latex/pgf/basiclayer/pgf.sty
Package: pgf 2015/08/07 v3.0.1a (rcs-revision 1.15)

(/usr/share/texlive/texmf-dist/tex/generic/pgf/modules/pgfmoduleshapes.code.tex
File: pgfmoduleshapes.code.tex 2014/03/21  (rcs-revision 1.35)
\pgfnodeparttextbox=\box53
) (/usr/share/texlive/texmf-dist/tex/generic/pgf/modules/pgfmoduleplot.code.tex
File: pgfmoduleplot.code.tex 2015/08/03  (rcs-revision 1.13)
)
(/usr/share/texlive/texmf-dist/tex/latex/pgf/compatibility/pgfcomp-version-0-65
.sty
Package: pgfcomp-version-0-65 2007/07/03 v3.0.1a (rcs-revision 1.7)
\pgf@nodesepstart=\dimen257
\pgf@nodesepend=\dimen258
)
(/usr/share/texlive/texmf-dist/tex/latex/pgf/compatibility/pgfcomp-version-1-18
.sty
Package: pgfcomp-version-1-18 2007/07/23 v3.0.1a (rcs-revision 1.1)
)) (/usr/share/texlive/texmf-dist/tex/latex/pgf/utilities/pgffor.sty
(/usr/share/texlive/texmf-dist/tex/latex/pgf/utilities/pgfkeys.sty
(/usr/share/texlive/texmf-dist/tex/generic/pgf/utilities/pgfkeys.code.tex))
(/usr/share/texlive/texmf-dist/tex/latex/pgf/math/pgfmath.sty
(/usr/share/texlive/texmf-dist/tex/generic/pgf/math/pgfmath.code.tex))
(/usr/share/texlive/texmf-dist/tex/generic/pgf/utilities/pgffor.code.tex
Package: pgffor 2013/12/13 v3.0.1a (rcs-revision 1.25)

(/usr/share/texlive/texmf-dist/tex/generic/pgf/math/pgfmath.code.tex)
\pgffor@iter=\dimen259
\pgffor@skip=\dimen260
\pgffor@stack=\toks45
\pgffor@toks=\toks46
))
(/usr/share/texlive/texmf-dist/tex/generic/pgf/frontendlayer/tikz/tikz.code.tex
Package: tikz 2015/08/07 v3.0.1a (rcs-revision 1.151)

(/usr/share/texlive/texmf-dist/tex/generic/pgf/libraries/pgflibraryplothandlers
.code.tex
File: pgflibraryplothandlers.code.tex 2013/08/31 v3.0.1a (rcs-revision 1.20)
\pgf@plot@mark@count=\count157
\pgfplotmarksize=\dimen261
)
\tikz@lastx=\dimen262
\tikz@lasty=\dimen263
\tikz@lastxsaved=\dimen264
\tikz@lastysaved=\dimen265
\tikzleveldistance=\dimen266
\tikzsiblingdistance=\dimen267
\tikz@figbox=\box54
\tikz@figbox@bg=\box55
\tikz@tempbox=\box56
\tikz@tempbox@bg=\box57
\tikztreelevel=\count158
\tikznumberofchildren=\count159
\tikznumberofcurrentchild=\count160
\tikz@fig@count=\count161

(/usr/share/texlive/texmf-dist/tex/generic/pgf/modules/pgfmodulematrix.code.tex
File: pgfmodulematrix.code.tex 2013/09/17  (rcs-revision 1.8)
\pgfmatrixcurrentrow=\count162
\pgfmatrixcurrentcolumn=\count163
\pgf@matrix@numberofcolumns=\count164
)
\tikz@expandcount=\count165

(/usr/share/texlive/texmf-dist/tex/generic/pgf/frontendlayer/tikz/libraries/tik
zlibrarytopaths.code.tex
File: tikzlibrarytopaths.code.tex 2008/06/17 v3.0.1a (rcs-revision 1.2)
)))
(/usr/share/texlive/texmf-dist/tex/generic/pgf/frontendlayer/tikz/libraries/tik
zlibraryshapes.code.tex
File: tikzlibraryshapes.code.tex 2008/01/09 v3.0.1a (rcs-revision 1.1)

(/usr/share/texlive/texmf-dist/tex/generic/pgf/frontendlayer/tikz/libraries/tik
zlibraryshapes.geometric.code.tex
File: tikzlibraryshapes.geometric.code.tex 2008/01/09 v3.0.1a (rcs-revision 1.1
)

(/usr/share/texlive/texmf-dist/tex/generic/pgf/libraries/shapes/pgflibraryshape
s.geometric.code.tex
File: pgflibraryshapes.geometric.code.tex 2008/06/26 v3.0.1a (rcs-revision 1.1)

))
(/usr/share/texlive/texmf-dist/tex/generic/pgf/frontendlayer/tikz/libraries/tik
zlibraryshapes.misc.code.tex
File: tikzlibraryshapes.misc.code.tex 2008/01/09 v3.0.1a (rcs-revision 1.1)

(/usr/share/texlive/texmf-dist/tex/generic/pgf/libraries/shapes/pgflibraryshape
s.misc.code.tex
File: pgflibraryshapes.misc.code.tex 2013/07/18 v3.0.1a (rcs-revision 1.5)
))
(/usr/share/texlive/texmf-dist/tex/generic/pgf/frontendlayer/tikz/libraries/tik
zlibraryshapes.symbols.code.tex
File: tikzlibraryshapes.symbols.code.tex 2008/01/09 v3.0.1a (rcs-revision 1.1)

(/usr/share/texlive/texmf-dist/tex/generic/pgf/libraries/shapes/pgflibraryshape
s.symbols.code.tex
File: pgflibraryshapes.symbols.code.tex 2013/09/11 v3.0.1a (rcs-revision 1.6)
))
(/usr/share/texlive/texmf-dist/tex/generic/pgf/frontendlayer/tikz/libraries/tik
zlibraryshapes.arrows.code.tex
File: tikzlibraryshapes.arrows.code.tex 2008/01/09 v3.0.1a (rcs-revision 1.1)

(/usr/share/texlive/texmf-dist/tex/generic/pgf/libraries/shapes/pgflibraryshape
s.arrows.code.tex
File: pgflibraryshapes.arrows.code.tex 2008/06/26 v3.0.1a (rcs-revision 1.1)
))
(/usr/share/texlive/texmf-dist/tex/generic/pgf/frontendlayer/tikz/libraries/tik
zlibraryshapes.callouts.code.tex
(/usr/share/texlive/texmf-dist/tex/generic/pgf/libraries/shapes/pgflibraryshape
s.callouts.code.tex))
(/usr/share/texlive/texmf-dist/tex/generic/pgf/frontendlayer/tikz/libraries/tik
zlibraryshapes.multipart.code.tex
File: tikzlibraryshapes.multipart.code.tex 2008/01/09 v3.0.1a (rcs-revision 1.1
)

(/usr/share/texlive/texmf-dist/tex/generic/pgf/libraries/shapes/pgflibraryshape
s.multipart.code.tex
File: pgflibraryshapes.multipart.code.tex 2010/01/07 v3.0.1a (rcs-revision 1.2)

\pgfnodepartlowerbox=\box58
\pgfnodeparttwobox=\box59
\pgfnodepartthreebox=\box60
\pgfnodepartfourbox=\box61
\pgfnodeparttwentybox=\box62
\pgfnodepartnineteenbox=\box63
\pgfnodeparteighteenbox=\box64
\pgfnodepartseventeenbox=\box65
\pgfnodepartsixteenbox=\box66
\pgfnodepartfifteenbox=\box67
\pgfnodepartfourteenbox=\box68
\pgfnodepartthirteenbox=\box69
\pgfnodeparttwelvebox=\box70
\pgfnodepartelevenbox=\box71
\pgfnodeparttenbox=\box72
\pgfnodepartninebox=\box73
\pgfnodeparteightbox=\box74
\pgfnodepartsevenbox=\box75
\pgfnodepartsixbox=\box76
\pgfnodepartfivebox=\box77
)))
(/usr/share/texlive/texmf-dist/tex/generic/pgf/frontendlayer/tikz/libraries/tik
zlibraryarrows.code.tex
File: tikzlibraryarrows.code.tex 2008/01/09 v3.0.1a (rcs-revision 1.1)

(/usr/share/texlive/texmf-dist/tex/generic/pgf/libraries/pgflibraryarrows.code.
tex
File: pgflibraryarrows.code.tex 2013/09/23 v3.0.1a (rcs-revision 1.16)
\arrowsize=\dimen268
))
(/usr/share/texlive/texmf-dist/tex/generic/pgf/frontendlayer/tikz/libraries/tik
zlibrarycalc.code.tex
File: tikzlibrarycalc.code.tex 2013/07/15 v3.0.1a (rcs-revision 1.9)
)
(/usr/share/texlive/texmf-dist/tex/generic/pgf/frontendlayer/tikz/libraries/tik
zlibrarypositioning.code.tex
File: tikzlibrarypositioning.code.tex 2008/10/06 v3.0.1a (rcs-revision 1.7)
) (./Presentacion.aux

LaTeX Warning: Label `modelo_final' multiply defined.

)
\openout1 = `Presentacion.aux'.

LaTeX Font Info:    Checking defaults for OML/cmm/m/it on input line 23.
LaTeX Font Info:    ... okay on input line 23.
LaTeX Font Info:    Checking defaults for T1/cmr/m/n on input line 23.
LaTeX Font Info:    ... okay on input line 23.
LaTeX Font Info:    Checking defaults for OT1/cmr/m/n on input line 23.
LaTeX Font Info:    ... okay on input line 23.
LaTeX Font Info:    Checking defaults for OMS/cmsy/m/n on input line 23.
LaTeX Font Info:    ... okay on input line 23.
LaTeX Font Info:    Checking defaults for OMX/cmex/m/n on input line 23.
LaTeX Font Info:    ... okay on input line 23.
LaTeX Font Info:    Checking defaults for U/cmr/m/n on input line 23.
LaTeX Font Info:    ... okay on input line 23.
LaTeX Font Info:    Checking defaults for PD1/pdf/m/n on input line 23.
LaTeX Font Info:    ... okay on input line 23.

*geometry* driver: auto-detecting
*geometry* detected driver: pdftex
*geometry* verbose mode - [ preamble ] result:
* driver: pdftex
* paper: custom
* layout: <same size as paper>
* layoutoffset:(h,v)=(0.0pt,0.0pt)
* modes: includehead includefoot 
* h-part:(L,W,R)=(10.95003pt, 342.2953pt, 10.95003pt)
* v-part:(T,H,B)=(0.0pt, 273.14662pt, 0.0pt)
* \paperwidth=364.19536pt
* \paperheight=273.14662pt
* \textwidth=342.2953pt
* \textheight=244.6939pt
* \oddsidemargin=-61.31996pt
* \evensidemargin=-61.31996pt
* \topmargin=-72.26999pt
* \headheight=14.22636pt
* \headsep=0.0pt
* \topskip=11.0pt
* \footskip=14.22636pt
* \marginparwidth=4.0pt
* \marginparsep=10.0pt
* \columnsep=10.0pt
* \skip\footins=10.0pt plus 4.0pt minus 2.0pt
* \hoffset=0.0pt
* \voffset=0.0pt
* \mag=1000
* \@twocolumnfalse
* \@twosidefalse
* \@mparswitchfalse
* \@reversemarginfalse
* (1in=72.27pt=25.4mm, 1cm=28.453pt)

(/usr/share/texlive/texmf-dist/tex/context/base/supp-pdf.mkii
[Loading MPS to PDF converter (version 2006.09.02).]
\scratchcounter=\count166
\scratchdimen=\dimen269
\scratchbox=\box78
\nofMPsegments=\count167
\nofMParguments=\count168
\everyMPshowfont=\toks47
\MPscratchCnt=\count169
\MPscratchDim=\dimen270
\MPnumerator=\count170
\makeMPintoPDFobject=\count171
\everyMPtoPDFconversion=\toks48
) ABD: EveryShipout initializing macros
\AtBeginShipoutBox=\box79
Package hyperref Info: Link coloring OFF on input line 23.

(/usr/share/texlive/texmf-dist/tex/latex/hyperref/nameref.sty
Package: nameref 2012/10/27 v2.43 Cross-referencing by name of section

(/usr/share/texlive/texmf-dist/tex/generic/oberdiek/gettitlestring.sty
Package: gettitlestring 2010/12/03 v1.4 Cleanup title references (HO)
)
\c@section@level=\count172
)
LaTeX Info: Redefining \ref on input line 23.
LaTeX Info: Redefining \pageref on input line 23.
LaTeX Info: Redefining \nameref on input line 23.

(./Presentacion.out) (./Presentacion.out)
\@outlinefile=\write5
\openout5 = `Presentacion.out'.

LaTeX Font Info:    Overwriting symbol font `operators' in version `normal'
(Font)                  OT1/cmr/m/n --> OT1/cmss/m/n on input line 23.
LaTeX Font Info:    Overwriting symbol font `operators' in version `bold'
(Font)                  OT1/cmr/bx/n --> OT1/cmss/bx/n on input line 23.
\symnumbers=\mathgroup6
\sympureletters=\mathgroup7
LaTeX Font Info:    Overwriting math alphabet `\mathrm' in version `normal'
(Font)                  OT1/cmss/m/n --> OT1/cmr/m/n on input line 23.
LaTeX Font Info:    Redeclaring math alphabet \mathbf on input line 23.
LaTeX Font Info:    Overwriting math alphabet `\mathbf' in version `normal'
(Font)                  OT1/cmr/bx/n --> OT1/cmss/bx/n on input line 23.
LaTeX Font Info:    Overwriting math alphabet `\mathbf' in version `bold'
(Font)                  OT1/cmr/bx/n --> OT1/cmss/bx/n on input line 23.
LaTeX Font Info:    Redeclaring math alphabet \mathsf on input line 23.
LaTeX Font Info:    Overwriting math alphabet `\mathsf' in version `normal'
(Font)                  OT1/cmss/m/n --> OT1/cmss/m/n on input line 23.
LaTeX Font Info:    Overwriting math alphabet `\mathsf' in version `bold'
(Font)                  OT1/cmss/bx/n --> OT1/cmss/m/n on input line 23.
LaTeX Font Info:    Redeclaring math alphabet \mathit on input line 23.
LaTeX Font Info:    Overwriting math alphabet `\mathit' in version `normal'
(Font)                  OT1/cmr/m/it --> OT1/cmss/m/it on input line 23.
LaTeX Font Info:    Overwriting math alphabet `\mathit' in version `bold'
(Font)                  OT1/cmr/bx/it --> OT1/cmss/m/it on input line 23.
LaTeX Font Info:    Redeclaring math alphabet \mathtt on input line 23.
LaTeX Font Info:    Overwriting math alphabet `\mathtt' in version `normal'
(Font)                  OT1/cmtt/m/n --> OT1/cmtt/m/n on input line 23.
LaTeX Font Info:    Overwriting math alphabet `\mathtt' in version `bold'
(Font)                  OT1/cmtt/m/n --> OT1/cmtt/m/n on input line 23.
LaTeX Font Info:    Overwriting symbol font `numbers' in version `bold'
(Font)                  OT1/cmss/m/n --> OT1/cmss/bx/n on input line 23.
LaTeX Font Info:    Overwriting symbol font `pureletters' in version `bold'
(Font)                  OT1/cmss/m/it --> OT1/cmss/bx/it on input line 23.
LaTeX Font Info:    Overwriting math alphabet `\mathrm' in version `bold'
(Font)                  OT1/cmss/bx/n --> OT1/cmr/bx/n on input line 23.
LaTeX Font Info:    Overwriting math alphabet `\mathbf' in version `bold'
(Font)                  OT1/cmss/bx/n --> OT1/cmss/bx/n on input line 23.
LaTeX Font Info:    Overwriting math alphabet `\mathsf' in version `bold'
(Font)                  OT1/cmss/m/n --> OT1/cmss/bx/n on input line 23.
LaTeX Font Info:    Overwriting math alphabet `\mathit' in version `bold'
(Font)                  OT1/cmss/m/it --> OT1/cmss/bx/it on input line 23.
LaTeX Font Info:    Overwriting math alphabet `\mathtt' in version `bold'
(Font)                  OT1/cmtt/m/n --> OT1/cmtt/bx/n on input line 23.
LaTeX Font Info:    Redeclaring symbol font `pureletters' on input line 23.
LaTeX Font Info:    Overwriting symbol font `pureletters' in version `normal'
(Font)                  OT1/cmss/m/it --> OT1/mathkerncmss/m/sl on input line 2
3.
LaTeX Font Info:    Overwriting symbol font `pureletters' in version `bold'
(Font)                  OT1/cmss/bx/it --> OT1/mathkerncmss/m/sl on input line 
23.
LaTeX Font Info:    Overwriting symbol font `pureletters' in version `bold'
(Font)                  OT1/mathkerncmss/m/sl --> OT1/mathkerncmss/bx/sl on inp
ut line 23.

(/usr/share/texlive/texmf-dist/tex/latex/beamer/translator/dicts/translator-bas
ic-dictionary/translator-basic-dictionary-English.dict
Dictionary: translator-basic-dictionary, Language: English 
)
(/usr/share/texlive/texmf-dist/tex/latex/beamer/translator/dicts/translator-bas
ic-dictionary/translator-basic-dictionary-Spanish.dict
Dictionary: translator-basic-dictionary, Language: Spanish 
)
(/usr/share/texlive/texmf-dist/tex/latex/beamer/translator/dicts/translator-bib
liography-dictionary/translator-bibliography-dictionary-English.dict
Dictionary: translator-bibliography-dictionary, Language: English 
)
(/usr/share/texlive/texmf-dist/tex/latex/beamer/translator/dicts/translator-bib
liography-dictionary/translator-bibliography-dictionary-Spanish.dict
Dictionary: translator-bibliography-dictionary, Language: Spanish 
)
(/usr/share/texlive/texmf-dist/tex/latex/beamer/translator/dicts/translator-env
ironment-dictionary/translator-environment-dictionary-English.dict
Dictionary: translator-environment-dictionary, Language: English 
)
(/usr/share/texlive/texmf-dist/tex/latex/beamer/translator/dicts/translator-env
ironment-dictionary/translator-environment-dictionary-Spanish.dict
Dictionary: translator-environment-dictionary, Language: Spanish 
)
(/usr/share/texlive/texmf-dist/tex/latex/beamer/translator/dicts/translator-mon
ths-dictionary/translator-months-dictionary-English.dict
Dictionary: translator-months-dictionary, Language: English 
)
(/usr/share/texlive/texmf-dist/tex/latex/beamer/translator/dicts/translator-mon
ths-dictionary/translator-months-dictionary-Spanish.dict
Dictionary: translator-months-dictionary, Language: Spanish 
)
(/usr/share/texlive/texmf-dist/tex/latex/beamer/translator/dicts/translator-num
bers-dictionary/translator-numbers-dictionary-English.dict
Dictionary: translator-numbers-dictionary, Language: English 
)
(/usr/share/texlive/texmf-dist/tex/latex/beamer/translator/dicts/translator-num
bers-dictionary/translator-numbers-dictionary-Spanish.dict
Dictionary: translator-numbers-dictionary, Language: Spanish 
)
(/usr/share/texlive/texmf-dist/tex/latex/beamer/translator/dicts/translator-the
orem-dictionary/translator-theorem-dictionary-English.dict
Dictionary: translator-theorem-dictionary, Language: English 
)
(/usr/share/texlive/texmf-dist/tex/latex/beamer/translator/dicts/translator-the
orem-dictionary/translator-theorem-dictionary-Spanish.dict
Dictionary: translator-theorem-dictionary, Language: Spanish 
)
LaTeX Info: Redefining \includegraphics on input line 23.
 (./Presentacion.nav) <fig/logo.jpg, id=14, 227.6505pt x 227.6505pt>
File: fig/logo.jpg Graphic file (type jpg)
 <use fig/logo.jpg>
Package pdftex.def Info: fig/logo.jpg used on input line 40.
(pdftex.def)             Requested size: 68.29567pt x 68.29567pt.


LaTeX Font Warning: Font shape `OT1/cmss/m/n' in size <4> not available
(Font)              size <5> substituted on input line 40.

[1

{/var/lib/texmf/fonts/map/pdftex/updmap/pdftex.map} <./fig/logo.jpg>]
LaTeX Font Info:    Try loading font information for U+msa on input line 53.

(/usr/share/texlive/texmf-dist/tex/latex/amsfonts/umsa.fd
File: umsa.fd 2013/01/14 v3.01 AMS symbols A
)
LaTeX Font Info:    Try loading font information for U+msb on input line 53.

(/usr/share/texlive/texmf-dist/tex/latex/amsfonts/umsb.fd
File: umsb.fd 2013/01/14 v3.01 AMS symbols B
)
LaTeX Font Info:    Try loading font information for OT1+mathkerncmss on input 
line 53.

(/usr/share/texlive/texmf-dist/tex/latex/sansmathaccent/ot1mathkerncmss.fd
File: ot1mathkerncmss.fd 2013/03/27 Fontinst v1.933 font definitions for OT1/ma
thkerncmss.
)
<fig/intro1.jpg, id=49, 4288.02pt x 2858.68pt>
File: fig/intro1.jpg Graphic file (type jpg)
 <use fig/intro1.jpg>
Package pdftex.def Info: fig/intro1.jpg used on input line 53.
(pdftex.def)             Requested size: 170.70644pt x 113.81102pt.

Overfull \vbox (3.37373pt too high) detected at line 53
 []

[2

 <./fig/intro1.jpg>]
File: fig/intro1.jpg Graphic file (type jpg)
 <use fig/intro1.jpg>
Package pdftex.def Info: fig/intro1.jpg used on input line 53.
(pdftex.def)             Requested size: 170.70644pt x 113.81102pt.

Overfull \vbox (3.37373pt too high) detected at line 53
 []

[3

]
File: fig/intro1.jpg Graphic file (type jpg)
 <use fig/intro1.jpg>
Package pdftex.def Info: fig/intro1.jpg used on input line 53.
(pdftex.def)             Requested size: 170.70644pt x 113.81102pt.

Overfull \vbox (3.37373pt too high) detected at line 53
 []

[4

]
File: fig/intro1.jpg Graphic file (type jpg)
 <use fig/intro1.jpg>
Package pdftex.def Info: fig/intro1.jpg used on input line 53.
(pdftex.def)             Requested size: 170.70644pt x 113.81102pt.

Overfull \vbox (3.37373pt too high) detected at line 53
 []

[5

]
File: fig/intro1.jpg Graphic file (type jpg)
 <use fig/intro1.jpg>
Package pdftex.def Info: fig/intro1.jpg used on input line 53.
(pdftex.def)             Requested size: 170.70644pt x 113.81102pt.

Overfull \vbox (3.37373pt too high) detected at line 53
 []

[6

]
File: fig/intro1.jpg Graphic file (type jpg)
 <use fig/intro1.jpg>
Package pdftex.def Info: fig/intro1.jpg used on input line 53.
(pdftex.def)             Requested size: 170.70644pt x 113.81102pt.

Overfull \vbox (3.37373pt too high) detected at line 53
 []

[7

] <fig/fundamentals-corazon.png, id=215, 479.54156pt x 538.26094pt>
File: fig/fundamentals-corazon.png Graphic file (type png)

<use fig/fundamentals-corazon.png>
Package pdftex.def Info: fig/fundamentals-corazon.png used on input line 61.
(pdftex.def)             Requested size: 152.09543pt x 170.71652pt.
 [8

 <./fig/fundamentals-corazon.png>]
<fig/fundamentals-myocites.png, id=248, 493.3632pt x 193.2018pt>
File: fig/fundamentals-myocites.png Graphic file (type png)

<use fig/fundamentals-myocites.png>
Package pdftex.def Info: fig/fundamentals-myocites.png used on input line 71.
(pdftex.def)             Requested size: 172.6797pt x 67.62163pt.

<fig/fundamentals-gap_junctions.png, id=249, 277.035pt x 168.63pt>
File: fig/fundamentals-gap_junctions.png Graphic file (type png)

<use fig/fundamentals-gap_junctions.png>
Package pdftex.def Info: fig/fundamentals-gap_junctions.png used on input line 
71.
(pdftex.def)             Requested size: 166.22227pt x 101.17877pt.
 [9

 <./fig/fundamentals-myocites.png> <./fig/fundamentals-gap_junctions.png>]
<fig/fundamentals-direccionmiocitos.jpg, id=279, 1284.8pt x 1806.75pt>
File: fig/fundamentals-direccionmiocitos.jpg Graphic file (type jpg)

<use fig/fundamentals-direccionmiocitos.jpg>
Package pdftex.def Info: fig/fundamentals-direccionmiocitos.jpg used on input l
ine 84.
(pdftex.def)             Requested size: 91.04303pt x 128.0374pt.
 [10

 <./fig/fundamentals-direccionmiocitos.jpg>]
File: fig/fundamentals-direccionmiocitos.jpg Graphic file (type jpg)
 <use fig/fundamentals-direccionmiocitos.jpg>
Package pdftex.def Info: fig/fundamentals-direccionmiocitos.jpg used on input l
ine 84.
(pdftex.def)             Requested size: 91.04303pt x 128.0374pt.
 [11

]
(./fig/fundamentals-action_potential.pdf_tex
<fig/fundamentals-action_potential.pdf, id=338, 379.60071pt x 366.31802pt>
File: fig/fundamentals-action_potential.pdf Graphic file (type pdf)

<use fig/fundamentals-action_potential.pdf>
Package pdftex.def Info: fig/fundamentals-action_potential.pdf used on input li
ne 52.
(pdftex.def)             Requested size: 256.0748pt x 247.11426pt.
)
Overfull \vbox (71.21117pt too high) detected at line 93
 []

[12

 <./fig/fundamentals-action_potential.pdf>]
<fig/fundamentals-sistema_de_conduccion.png, id=371, 818.30719pt x 469.755pt>
File: fig/fundamentals-sistema_de_conduccion.png Graphic file (type png)

<use fig/fundamentals-sistema_de_conduccion.png>
Package pdftex.def Info: fig/fundamentals-sistema_de_conduccion.png used on inp
ut line 101.
(pdftex.def)             Requested size: 297.3873pt x 170.71652pt.

Overfull \vbox (5.21254pt too high) detected at line 101
 []

[13

 <./fig/fundamentals-sistema_de_conduccion.png>]
<fig/fundamentals-fib-stringy.png, id=408, 187.70125pt x 175.65625pt>
File: fig/fundamentals-fib-stringy.png Graphic file (type png)

<use fig/fundamentals-fib-stringy.png>
Package pdftex.def Info: fig/fundamentals-fib-stringy.png used on input line 11
8.
(pdftex.def)             Requested size: 85.35826pt x 79.88083pt.

<fig/fundamentals-fib-patchy.png, id=409, 125.46875pt x 128.48pt>
File: fig/fundamentals-fib-patchy.png Graphic file (type png)

<use fig/fundamentals-fib-patchy.png>
Package pdftex.def Info: fig/fundamentals-fib-patchy.png used on input line 118
.
(pdftex.def)             Requested size: 85.35826pt x 87.41032pt.

<fig/fundamentals-fib-diffuse.png, id=410, 245.91875pt x 234.8775pt>
File: fig/fundamentals-fib-diffuse.png Graphic file (type png)

<use fig/fundamentals-fib-diffuse.png>
Package pdftex.def Info: fig/fundamentals-fib-diffuse.png used on input line 11
8.
(pdftex.def)             Requested size: 85.35826pt x 81.52382pt.
 [14

 <./fig/fundamentals-fib-stringy.png> <./fig/fundamentals-fib-patchy.png> <./fi
g/fundamentals-fib-diffuse.png>]
File: fig/fundamentals-fib-stringy.png Graphic file (type png)

<use fig/fundamentals-fib-stringy.png>
Package pdftex.def Info: fig/fundamentals-fib-stringy.png used on input line 11
8.
(pdftex.def)             Requested size: 85.35826pt x 79.88083pt.
File: fig/fundamentals-fib-patchy.png Graphic file (type png)
 <use fig/fundamentals-fib-patchy.png>
Package pdftex.def Info: fig/fundamentals-fib-patchy.png used on input line 118
.
(pdftex.def)             Requested size: 85.35826pt x 87.41032pt.
File: fig/fundamentals-fib-diffuse.png Graphic file (type png)

<use fig/fundamentals-fib-diffuse.png>
Package pdftex.def Info: fig/fundamentals-fib-diffuse.png used on input line 11
8.
(pdftex.def)             Requested size: 85.35826pt x 81.52382pt.
 [15

]
File: fig/fundamentals-fib-stringy.png Graphic file (type png)

<use fig/fundamentals-fib-stringy.png>
Package pdftex.def Info: fig/fundamentals-fib-stringy.png used on input line 11
8.
(pdftex.def)             Requested size: 85.35826pt x 79.88083pt.
File: fig/fundamentals-fib-patchy.png Graphic file (type png)
 <use fig/fundamentals-fib-patchy.png>
Package pdftex.def Info: fig/fundamentals-fib-patchy.png used on input line 118
.
(pdftex.def)             Requested size: 85.35826pt x 87.41032pt.
File: fig/fundamentals-fib-diffuse.png Graphic file (type png)

<use fig/fundamentals-fib-diffuse.png>
Package pdftex.def Info: fig/fundamentals-fib-diffuse.png used on input line 11
8.
(pdftex.def)             Requested size: 85.35826pt x 81.52382pt.
 [16

]
File: fig/fundamentals-fib-stringy.png Graphic file (type png)

<use fig/fundamentals-fib-stringy.png>
Package pdftex.def Info: fig/fundamentals-fib-stringy.png used on input line 11
8.
(pdftex.def)             Requested size: 85.35826pt x 79.88083pt.
File: fig/fundamentals-fib-patchy.png Graphic file (type png)
 <use fig/fundamentals-fib-patchy.png>
Package pdftex.def Info: fig/fundamentals-fib-patchy.png used on input line 118
.
(pdftex.def)             Requested size: 85.35826pt x 87.41032pt.
File: fig/fundamentals-fib-diffuse.png Graphic file (type png)

<use fig/fundamentals-fib-diffuse.png>
Package pdftex.def Info: fig/fundamentals-fib-diffuse.png used on input line 11
8.
(pdftex.def)             Requested size: 85.35826pt x 81.52382pt.
 [17

]
File: fig/fundamentals-fib-stringy.png Graphic file (type png)

<use fig/fundamentals-fib-stringy.png>
Package pdftex.def Info: fig/fundamentals-fib-stringy.png used on input line 11
8.
(pdftex.def)             Requested size: 85.35826pt x 79.88083pt.
File: fig/fundamentals-fib-patchy.png Graphic file (type png)
 <use fig/fundamentals-fib-patchy.png>
Package pdftex.def Info: fig/fundamentals-fib-patchy.png used on input line 118
.
(pdftex.def)             Requested size: 85.35826pt x 87.41032pt.
File: fig/fundamentals-fib-diffuse.png Graphic file (type png)

<use fig/fundamentals-fib-diffuse.png>
Package pdftex.def Info: fig/fundamentals-fib-diffuse.png used on input line 11
8.
(pdftex.def)             Requested size: 85.35826pt x 81.52382pt.
 [18

]
File: fig/fundamentals-fib-stringy.png Graphic file (type png)

<use fig/fundamentals-fib-stringy.png>
Package pdftex.def Info: fig/fundamentals-fib-stringy.png used on input line 11
8.
(pdftex.def)             Requested size: 85.35826pt x 79.88083pt.
File: fig/fundamentals-fib-patchy.png Graphic file (type png)
 <use fig/fundamentals-fib-patchy.png>
Package pdftex.def Info: fig/fundamentals-fib-patchy.png used on input line 118
.
(pdftex.def)             Requested size: 85.35826pt x 87.41032pt.
File: fig/fundamentals-fib-diffuse.png Graphic file (type png)

<use fig/fundamentals-fib-diffuse.png>
Package pdftex.def Info: fig/fundamentals-fib-diffuse.png used on input line 11
8.
(pdftex.def)             Requested size: 85.35826pt x 81.52382pt.
 [19

]
<fig/fundamentals-fib-midvsdensity.png, id=572, 596.98032pt x 369.63094pt>
File: fig/fundamentals-fib-midvsdensity.png Graphic file (type png)

<use fig/fundamentals-fib-midvsdensity.png>
Package pdftex.def Info: fig/fundamentals-fib-midvsdensity.png used on input li
ne 125.
(pdftex.def)             Requested size: 227.62204pt x 140.93497pt.
 [20

 <./fig/fundamentals-fib-midvsdensity.png>] [21

] [22

] [23

] [24

] [25

] [26

]
<fig/membrana_1.png, id=779, 486.31688pt x 393.72093pt>
File: fig/membrana_1.png Graphic file (type png)

<use fig/membrana_1.png>
Package pdftex.def Info: fig/membrana_1.png used on input line 217.
(pdftex.def)             Requested size: 108.94165pt x 88.2037pt.
 [27

 <./fig/membrana_1.png>]
File: fig/membrana_1.png Graphic file (type png)
 <use fig/membrana_1.png>
Package pdftex.def Info: fig/membrana_1.png used on input line 217.
(pdftex.def)             Requested size: 108.94165pt x 88.2037pt.

[28

]
File: fig/membrana_1.png Graphic file (type png)
 <use fig/membrana_1.png>
Package pdftex.def Info: fig/membrana_1.png used on input line 217.
(pdftex.def)             Requested size: 108.94165pt x 88.2037pt.
 [29

] [30

]
<fig/theorem_verification_r2-laminations.png, id=886, 758.835pt x 546.54187pt>
File: fig/theorem_verification_r2-laminations.png Graphic file (type png)

<use fig/theorem_verification_r2-laminations.png>
Package pdftex.def Info: fig/theorem_verification_r2-laminations.png used on in
put line 246.
(pdftex.def)             Requested size: 158.0169pt x 113.81102pt.
 [31

 <./fig/theorem_verification_r2-laminations.png>]
File: fig/theorem_verification_r2-laminations.png Graphic file (type png)
 <use fig/theorem_verification_r2-laminations.png>
Package pdftex.def Info: fig/theorem_verification_r2-laminations.png used on in
put line 246.
(pdftex.def)             Requested size: 158.0169pt x 113.81102pt.

[32

]
File: fig/theorem_verification_r2-laminations.png Graphic file (type png)
 <use fig/theorem_verification_r2-laminations.png>
Package pdftex.def Info: fig/theorem_verification_r2-laminations.png used on in
put line 246.
(pdftex.def)             Requested size: 158.0169pt x 113.81102pt.
 [33

]
File: fig/theorem_verification_r2-laminations.png Graphic file (type png)

<use fig/theorem_verification_r2-laminations.png>
Package pdftex.def Info: fig/theorem_verification_r2-laminations.png used on in
put line 246.
(pdftex.def)             Requested size: 158.0169pt x 113.81102pt.
 [34

] [35

]pdfTeX warning (ext4): destination with the same identifier (name{modelo_final
}) has been already used, duplicate ignored
<to be read again> 
                   \relax 
l.263 \end{frame}
                 
<fig/theorem_verification_r2-geometry_convention.png, id=1021, 458.46281pt x 16
8.63pt>
File: fig/theorem_verification_r2-geometry_convention.png Graphic file (type pn
g)
 <use fig/theorem_verification_r2-geometry_convention.png>
Package pdftex.def Info: fig/theorem_verification_r2-geometry_convention.png us
ed on input line 263.
(pdftex.def)             Requested size: 309.42805pt x 113.81102pt.
 [36

 <./fig/theorem_verification_r2-geometry_convention.png>] [37

] [38

] [39

] [40

] [41

]
[42

] [43

] [44

]
<fig/theorem_verification_r1-mesh_nh.png, id=1266, 447.92343pt x 383.18156pt>
File: fig/theorem_verification_r1-mesh_nh.png Graphic file (type png)

<use fig/theorem_verification_r1-mesh_nh.png>
Package pdftex.def Info: fig/theorem_verification_r1-mesh_nh.png used on input 
line 387.
(pdftex.def)             Requested size: 166.30319pt x 142.26378pt.
 [45

 <./fig/theorem_verification_r1-mesh_nh.png>]
<fig/theorem_verification_r1-malla_gruesa.png, id=1294, 218.31563pt x 217.5628p
t>
File: fig/theorem_verification_r1-malla_gruesa.png Graphic file (type png)
 <use fig/theorem_verification_r1-malla_gruesa.png>
Package pdftex.def Info: fig/theorem_verification_r1-malla_gruesa.png used on i
nput line 395.
(pdftex.def)             Requested size: 114.20767pt x 113.81102pt.
 [46

 <./fig/theorem_verification_r1-malla_gruesa.png>]
<fig/theorem_verification_r1-beta001.png, id=1323, 779.16093pt x 341.02406pt>
File: fig/theorem_verification_r1-beta001.png Graphic file (type png)

<use fig/theorem_verification_r1-beta001.png>
Package pdftex.def Info: fig/theorem_verification_r1-beta001.png used on input 
line 403.
(pdftex.def)             Requested size: 260.03671pt x 113.81102pt.
 [47

 <./fig/theorem_verification_r1-beta001.png>]
<fig/theorem_verification_r1-beta10_-5.png, id=1354, 784.43062pt x 339.51843pt>
File: fig/theorem_verification_r1-beta10_-5.png Graphic file (type png)
<use fig/theorem_verification_r1-beta10_-5.png>
Package pdftex.def Info: fig/theorem_verification_r1-beta10_-5.png used on inpu
t line 411.
(pdftex.def)             Requested size: 262.94447pt x 113.81102pt.
 [48

 <./fig/theorem_verification_r1-beta10_-5.png>]
<fig/theorem_verification_r1-beta10_5.png, id=1385, 782.925pt x 343.2825pt>
File: fig/theorem_verification_r1-beta10_5.png Graphic file (type png)

<use fig/theorem_verification_r1-beta10_5.png>
Package pdftex.def Info: fig/theorem_verification_r1-beta10_5.png used on input
 line 419.
(pdftex.def)             Requested size: 259.5607pt x 113.81102pt.
 [49

 <./fig/theorem_verification_r1-beta10_5.png>]
Package epstopdf Info: Source file: <fig/theorem_verification_r1-error_l2.eps>
(epstopdf)                    date: 2016-06-22 04:21:41
(epstopdf)                    size: 1377741 bytes
(epstopdf)             Output file: <fig/theorem_verification_r1-error_l2-eps-c
onverted-to.pdf>
(epstopdf)                    date: 2016-06-22 04:21:41
(epstopdf)                    size: 103714 bytes
(epstopdf)             Command: <repstopdf --outfile=fig/theorem_verification_r
1-error_l2-eps-converted-to.pdf fig/theorem_verification_r1-error_l2.eps>
(epstopdf)             \includegraphics on input line 434.
Package epstopdf Info: Output file is already uptodate.

<fig/theorem_verification_r1-error_l2-eps-converted-to.pdf, id=1417, 410.53375p
t x 309.155pt>
File: fig/theorem_verification_r1-error_l2-eps-converted-to.pdf Graphic file (t
ype pdf)
 <use fig/theorem_verification_r1-error_l2-eps-converted-to.pdf>
Package pdftex.def Info: fig/theorem_verification_r1-error_l2-eps-converted-to.
pdf used on input line 434.
(pdftex.def)             Requested size: 188.92299pt x 142.26378pt.

Overfull \vbox (26.86208pt too high) detected at line 434
 []

[50

 <./fig/theorem_verification_r1-error_l2-eps-converted-to.pdf>] [51

]
[52

]
<fig/theorem_verification_r2_exp2_colorbar.png, id=1505, 226.59656pt x 62.48344
pt>
File: fig/theorem_verification_r2_exp2_colorbar.png Graphic file (type png)
 <use fig/theorem_verification_r2_exp2_colorbar.png>
Package pdftex.def Info: fig/theorem_verification_r2_exp2_colorbar.png used on 
input line 490.
(pdftex.def)             Requested size: 92.8637pt x 25.6073pt.

<fig/theorem_verification_r2_exp2_5ms.png, id=1506, 582.67688pt x 295.85532pt>
File: fig/theorem_verification_r2_exp2_5ms.png Graphic file (type png)

<use fig/theorem_verification_r2_exp2_5ms.png>
Package pdftex.def Info: fig/theorem_verification_r2_exp2_5ms.png used on input
 line 490.
(pdftex.def)             Requested size: 280.1885pt x 142.26378pt.
 [53

 <./fig/theorem_verification_r2_exp2_colorbar.png> <./fig/theorem_verification_
r2_exp2_5ms.png>]
File: fig/theorem_verification_r2_exp2_colorbar.png Graphic file (type png)

<use fig/theorem_verification_r2_exp2_colorbar.png>
Package pdftex.def Info: fig/theorem_verification_r2_exp2_colorbar.png used on 
input line 502.
(pdftex.def)             Requested size: 92.8637pt x 25.6073pt.

<fig/theorem_verification_r2_exp2_70ms.png, id=1535, 604.50844pt x 293.59688pt>
File: fig/theorem_verification_r2_exp2_70ms.png Graphic file (type png)
<use fig/theorem_verification_r2_exp2_70ms.png>
Package pdftex.def Info: fig/theorem_verification_r2_exp2_70ms.png used on inpu
t line 502.
(pdftex.def)             Requested size: 292.91873pt x 142.26378pt.
 [54

 <./fig/theorem_verification_r2_exp2_70ms.png>]
File: fig/theorem_verification_r2_exp2_colorbar.png Graphic file (type png)
 <use fig/theorem_verification_r2_exp2_colorbar.png>
Package pdftex.def Info: fig/theorem_verification_r2_exp2_colorbar.png used on 
input line 514.
(pdftex.def)             Requested size: 92.8637pt x 25.6073pt.

<fig/theorem_verification_r2_exp2_258ms.png, id=1563, 587.94656pt x 291.33844pt
>
File: fig/theorem_verification_r2_exp2_258ms.png Graphic file (type png)
 <use fig/theorem_verification_r2_exp2_258ms.png>
Package pdftex.def Info: fig/theorem_verification_r2_exp2_258ms.png used on inp
ut line 514.
(pdftex.def)             Requested size: 287.10948pt x 142.26378pt.
 [55

 <./fig/theorem_verification_r2_exp2_258ms.png>]
File: fig/theorem_verification_r2_exp2_colorbar.png Graphic file (type png)
 <use fig/theorem_verification_r2_exp2_colorbar.png>
Package pdftex.def Info: fig/theorem_verification_r2_exp2_colorbar.png used on 
input line 526.
(pdftex.def)             Requested size: 92.8637pt x 25.6073pt.

<fig/theorem_verification_r2_exp2_400ms.png, id=1593, 596.2275pt x 290.58563pt>
File: fig/theorem_verification_r2_exp2_400ms.png Graphic file (type png)
<use fig/theorem_verification_r2_exp2_400ms.png>
Package pdftex.def Info: fig/theorem_verification_r2_exp2_400ms.png used on inp
ut line 526.
(pdftex.def)             Requested size: 291.89929pt x 142.26378pt.
 [56

 <./fig/theorem_verification_r2_exp2_400ms.png>]
File: fig/theorem_verification_r2_exp2_colorbar.png Graphic file (type png)
 <use fig/theorem_verification_r2_exp2_colorbar.png>
Package pdftex.def Info: fig/theorem_verification_r2_exp2_colorbar.png used on 
input line 538.
(pdftex.def)             Requested size: 92.8637pt x 25.6073pt.

<fig/theorem_verification_r2_exp2_800ms.png, id=1621, 588.69937pt x 289.08pt>
File: fig/theorem_verification_r2_exp2_800ms.png Graphic file (type png)

<use fig/theorem_verification_r2_exp2_800ms.png>
Package pdftex.def Info: fig/theorem_verification_r2_exp2_800ms.png used on inp
ut line 538.
(pdftex.def)             Requested size: 289.71382pt x 142.26378pt.
 [57

 <./fig/theorem_verification_r2_exp2_800ms.png>]
Package epstopdf Info: Source file: <fig/theorem_verification_r2_exp2_error.eps
>
(epstopdf)                    date: 2016-06-22 04:21:41
(epstopdf)                    size: 10118 bytes
(epstopdf)             Output file: <fig/theorem_verification_r2_exp2_error-eps
-converted-to.pdf>
(epstopdf)                    date: 2016-06-22 04:21:41
(epstopdf)                    size: 7042 bytes
(epstopdf)             Command: <repstopdf --outfile=fig/theorem_verification_r
2_exp2_error-eps-converted-to.pdf fig/theorem_verification_r2_exp2_error.eps>
(epstopdf)             \includegraphics on input line 546.
Package epstopdf Info: Output file is already uptodate.

<fig/theorem_verification_r2_exp2_error-eps-converted-to.pdf, id=1649, 410.5337
5pt x 309.155pt>
File: fig/theorem_verification_r2_exp2_error-eps-converted-to.pdf Graphic file 
(type pdf)

<use fig/theorem_verification_r2_exp2_error-eps-converted-to.pdf>
Package pdftex.def Info: fig/theorem_verification_r2_exp2_error-eps-converted-t
o.pdf used on input line 546.
(pdftex.def)             Requested size: 226.70258pt x 170.71652pt.
 [58

 <./fig/theorem_verification_r2_exp2_error-eps-converted-to.pdf>] [59

] [60

] [61

] [62

]
[63

] [64

] [65

] [66

] [67

] [68

]
Overfull \hbox (31.98792pt too wide) detected at line 620
\OT1/mathkerncmss/m/sl/10.95 L[]\OT1/cmss/m/n/10.95 (\OT1/mathkerncmss/m/sl/10.
95 v\OT1/cmss/m/n/10.95 ) = [][] \OML/cmm/m/it/10.95 ^^^[]\OT1/mathkerncmss/m/s
l/10.95 vd\OT1/cmss/m/n/10.95 
 + ^^A\OT1/mathkerncmss/m/sl/10.95 t [][]\OMS/cmsy/m/n/10.95 f\OT1/mathkerncmss
/m/sl/10.95 c[]\OT1/cmss/m/n/10.95 (1 + \OML/cmm/m/it/10.95 \OT1/cmss/m/n/10.9
5 )(\OML/cmm/m/it/10.95 ^^^[]\OT1/cmss/m/n/10.95 )[] \OMS/cmsy/m/n/10.95 ^^@ \O
T1/mathkerncmss/m/sl/10.95 c[]\OT1/cmss/m/n/10.95 (\OML/cmm/m/it/10.95 ^^^[]\OT
1/cmss/m/n/10.95 )[] \OMS/cmsy/m/n/10.95 ^^@ \OT1/mathkerncmss/m/sl/10.95 c[]r[
]\OMS/cmsy/m/n/10.95 g\OT1/mathkerncmss/m/sl/10.95 vd\OT1/cmss/m/n/10.95 
 + ^^A\OT1/mathkerncmss/m/sl/10.95 t [][] gvds
 []

[69

] [70

]
Package epstopdf Info: Source file: <fig/reaction_term-FHN_implicit.eps>
(epstopdf)                    date: 2016-06-22 04:21:41
(epstopdf)                    size: 108535 bytes
(epstopdf)             Output file: <fig/reaction_term-FHN_implicit-eps-convert
ed-to.pdf>
(epstopdf)                    date: 2016-06-22 04:21:41
(epstopdf)                    size: 52176 bytes
(epstopdf)             Command: <repstopdf --outfile=fig/reaction_term-FHN_impl
icit-eps-converted-to.pdf fig/reaction_term-FHN_implicit.eps>
(epstopdf)             \includegraphics on input line 638.
Package epstopdf Info: Output file is already uptodate.

<fig/reaction_term-FHN_implicit-eps-converted-to.pdf, id=2002, 680.5425pt x 475
.7775pt>
File: fig/reaction_term-FHN_implicit-eps-converted-to.pdf Graphic file (type pd
f)
 <use fig/reaction_term-FHN_implicit-eps-converted-to.pdf>
Package pdftex.def Info: fig/reaction_term-FHN_implicit-eps-converted-to.pdf us
ed on input line 638.
(pdftex.def)             Requested size: 345.9402pt x 241.84842pt.

Overfull \hbox (3.6449pt too wide) in paragraph at lines 638--638
 [] 
 []


Overfull \vbox (59.53503pt too high) detected at line 638
 []

[71

 <./fig/reaction_term-FHN_implicit-eps-converted-to.pdf>] [72

]
<fig/numerical_example_MDE_exp3_colourbar.png, id=2061, 243.91125pt x 51.19125p
t>
File: fig/numerical_example_MDE_exp3_colourbar.png Graphic file (type png)
 <use fig/numerical_example_MDE_exp3_colourbar.png>
Package pdftex.def Info: fig/numerical_example_MDE_exp3_colourbar.png used on i
nput line 669.
(pdftex.def)             Requested size: 122.01486pt x 25.6073pt.

<fig/numerical_example_MDE_exp3_20ms.png, id=2062, 804.00375pt x 336.50719pt>
File: fig/numerical_example_MDE_exp3_20ms.png Graphic file (type png)

<use fig/numerical_example_MDE_exp3_20ms.png>
Package pdftex.def Info: fig/numerical_example_MDE_exp3_20ms.png used on input 
line 669.
(pdftex.def)             Requested size: 339.8998pt x 142.26378pt.
 [73

 <./fig/numerical_example_MDE_exp3_colourbar.png> <./fig/numerical_example_MDE_
exp3_20ms.png>]
File: fig/numerical_example_MDE_exp3_colourbar.png Graphic file (type png)

<use fig/numerical_example_MDE_exp3_colourbar.png>
Package pdftex.def Info: fig/numerical_example_MDE_exp3_colourbar.png used on i
nput line 681.
(pdftex.def)             Requested size: 122.01486pt x 25.6073pt.

<fig/numerical_example_MDE_exp3_200ms.png, id=2092, 778.40813pt x 339.51843pt>
File: fig/numerical_example_MDE_exp3_200ms.png Graphic file (type png)

<use fig/numerical_example_MDE_exp3_200ms.png>
Package pdftex.def Info: fig/numerical_example_MDE_exp3_200ms.png used on input
 line 681.
(pdftex.def)             Requested size: 326.15715pt x 142.26378pt.
 [74

 <./fig/numerical_example_MDE_exp3_200ms.png>]
File: fig/numerical_example_MDE_exp3_colourbar.png Graphic file (type png)
 <use fig/numerical_example_MDE_exp3_colourbar.png>
Package pdftex.def Info: fig/numerical_example_MDE_exp3_colourbar.png used on i
nput line 693.
(pdftex.def)             Requested size: 122.01486pt x 25.6073pt.

<fig/numerical_example_MDE_exp3_600ms.png, id=2121, 785.18344pt x 336.50719pt>
File: fig/numerical_example_MDE_exp3_600ms.png Graphic file (type png)

<use fig/numerical_example_MDE_exp3_600ms.png>
Package pdftex.def Info: fig/numerical_example_MDE_exp3_600ms.png used on input
 line 693.
(pdftex.def)             Requested size: 331.94334pt x 142.26378pt.
 [75

 <./fig/numerical_example_MDE_exp3_600ms.png>]
File: fig/numerical_example_MDE_exp3_colourbar.png Graphic file (type png)
 <use fig/numerical_example_MDE_exp3_colourbar.png>
Package pdftex.def Info: fig/numerical_example_MDE_exp3_colourbar.png used on i
nput line 705.
(pdftex.def)             Requested size: 122.01486pt x 25.6073pt.

<fig/numerical_example_MDE_exp3_1000ms.png, id=2149, 776.9025pt x 337.26pt>
File: fig/numerical_example_MDE_exp3_1000ms.png Graphic file (type png)

<use fig/numerical_example_MDE_exp3_1000ms.png>
Package pdftex.def Info: fig/numerical_example_MDE_exp3_1000ms.png used on inpu
t line 705.
(pdftex.def)             Requested size: 327.71936pt x 142.26378pt.
 [76

 <./fig/numerical_example_MDE_exp3_1000ms.png>]
Package epstopdf Info: Source file: <fig/numerical_example_MDE_exp3_error.eps>
(epstopdf)                    date: 2016-06-22 04:21:41
(epstopdf)                    size: 10433 bytes
(epstopdf)             Output file: <fig/numerical_example_MDE_exp3_error-eps-c
onverted-to.pdf>
(epstopdf)                    date: 2016-06-22 04:21:41
(epstopdf)                    size: 6949 bytes
(epstopdf)             Command: <repstopdf --outfile=fig/numerical_example_MDE_
exp3_error-eps-converted-to.pdf fig/numerical_example_MDE_exp3_error.eps>
(epstopdf)             \includegraphics on input line 723.
Package epstopdf Info: Output file is already uptodate.

<fig/numerical_example_MDE_exp3_error-eps-converted-to.pdf, id=2177, 449.68pt x
 338.26375pt>
File: fig/numerical_example_MDE_exp3_error-eps-converted-to.pdf Graphic file (t
ype pdf)
 <use fig/numerical_example_MDE_exp3_error-eps-converted-to.pdf>
Package pdftex.def Info: fig/numerical_example_MDE_exp3_error-eps-converted-to.
pdf used on input line 723.
(pdftex.def)             Requested size: 132.38684pt x 99.58464pt.

[77

 <./fig/numerical_example_MDE_exp3_error-eps-converted-to.pdf>]
Package epstopdf Info: Source file: <fig/numerical_example_MDE_exp3_error.eps>
(epstopdf)                    date: 2016-06-22 04:21:41
(epstopdf)                    size: 10433 bytes
(epstopdf)             Output file: <fig/numerical_example_MDE_exp3_error-eps-c
onverted-to.pdf>
(epstopdf)                    date: 2016-06-22 04:21:41
(epstopdf)                    size: 6949 bytes
(epstopdf)             Command: <repstopdf --outfile=fig/numerical_example_MDE_
exp3_error-eps-converted-to.pdf fig/numerical_example_MDE_exp3_error.eps>
(epstopdf)             \includegraphics on input line 723.
Package epstopdf Info: Output file is already uptodate.
File: fig/numerical_example_MDE_exp3_error-eps-converted-to.pdf Graphic file (t
ype pdf)

<use fig/numerical_example_MDE_exp3_error-eps-converted-to.pdf>
Package pdftex.def Info: fig/numerical_example_MDE_exp3_error-eps-converted-to.
pdf used on input line 723.
(pdftex.def)             Requested size: 132.38684pt x 99.58464pt.
 [78

]
Package epstopdf Info: Source file: <fig/numerical_example_MDE_exp3_error.eps>
(epstopdf)                    date: 2016-06-22 04:21:41
(epstopdf)                    size: 10433 bytes
(epstopdf)             Output file: <fig/numerical_example_MDE_exp3_error-eps-c
onverted-to.pdf>
(epstopdf)                    date: 2016-06-22 04:21:41
(epstopdf)                    size: 6949 bytes
(epstopdf)             Command: <repstopdf --outfile=fig/numerical_example_MDE_
exp3_error-eps-converted-to.pdf fig/numerical_example_MDE_exp3_error.eps>
(epstopdf)             \includegraphics on input line 723.
Package epstopdf Info: Output file is already uptodate.
File: fig/numerical_example_MDE_exp3_error-eps-converted-to.pdf Graphic file (t
ype pdf)

<use fig/numerical_example_MDE_exp3_error-eps-converted-to.pdf>
Package pdftex.def Info: fig/numerical_example_MDE_exp3_error-eps-converted-to.
pdf used on input line 723.
(pdftex.def)             Requested size: 132.38684pt x 99.58464pt.
 [79

]
Package epstopdf Info: Source file: <fig/numerical_example_MDE_exp3_error.eps>
(epstopdf)                    date: 2016-06-22 04:21:41
(epstopdf)                    size: 10433 bytes
(epstopdf)             Output file: <fig/numerical_example_MDE_exp3_error-eps-c
onverted-to.pdf>
(epstopdf)                    date: 2016-06-22 04:21:41
(epstopdf)                    size: 6949 bytes
(epstopdf)             Command: <repstopdf --outfile=fig/numerical_example_MDE_
exp3_error-eps-converted-to.pdf fig/numerical_example_MDE_exp3_error.eps>
(epstopdf)             \includegraphics on input line 723.
Package epstopdf Info: Output file is already uptodate.
File: fig/numerical_example_MDE_exp3_error-eps-converted-to.pdf Graphic file (t
ype pdf)

<use fig/numerical_example_MDE_exp3_error-eps-converted-to.pdf>
Package pdftex.def Info: fig/numerical_example_MDE_exp3_error-eps-converted-to.
pdf used on input line 723.
(pdftex.def)             Requested size: 132.38684pt x 99.58464pt.
 [80

]
Package epstopdf Info: Source file: <fig/numerical_example_MDE_exp3_benchmark.e
ps>
(epstopdf)                    date: 2016-06-22 04:21:41
(epstopdf)                    size: 13649 bytes
(epstopdf)             Output file: <fig/numerical_example_MDE_exp3_benchmark-e
ps-converted-to.pdf>
(epstopdf)                    date: 2016-06-22 04:21:41
(epstopdf)                    size: 8645 bytes
(epstopdf)             Command: <repstopdf --outfile=fig/numerical_example_MDE_
exp3_benchmark-eps-converted-to.pdf fig/numerical_example_MDE_exp3_benchmark.ep
s>
(epstopdf)             \includegraphics on input line 737.
Package epstopdf Info: Output file is already uptodate.

<fig/numerical_example_MDE_exp3_benchmark-eps-converted-to.pdf, id=2290, 658.46
pt x 468.75125pt>
File: fig/numerical_example_MDE_exp3_benchmark-eps-converted-to.pdf Graphic fil
e (type pdf)

<use fig/numerical_example_MDE_exp3_benchmark-eps-converted-to.pdf>
Package pdftex.def Info: fig/numerical_example_MDE_exp3_benchmark-eps-converted
-to.pdf used on input line 737.
(pdftex.def)             Requested size: 199.8303pt x 142.26378pt.
 [81

 <./fig/numerical_example_MDE_exp3_benchmark-eps-converted-to.pdf>] [82

] [83

] [84

]
[85

] [86

] [87

] [88

] [89

] [90

] [91

] [92

] [93

] [94

] [95

] (./Presentacion.bbl
Overfull \hbox (1.63676pt too wide) in paragraph at lines 6--8
\OML/cmm/m/it/10.95 ==\OT1/mathkerncmss/m/sl/10.95 www\OML/cmm/m/it/10.95 :\OT1
/mathkerncmss/m/sl/10.95 texasheartinstitute\OML/cmm/m/it/10.95 :\OT1/mathkernc
mss/m/sl/10.95 org\OML/cmm/m/it/10.95 =\OT1/mathkerncmss/m/sl/10.95 hic\OML/cmm
/m/it/10.95 =\OT1/mathkerncmss/m/sl/10.95 anatomy\OML/cmm/m/it/10.95 =\OT1/math
kerncmss/m/sl/10.95 images\OML/cmm/m/it/10.95 =\OT1/mathkerncmss/m/sl/10.95 ^^L
g\OT1/cmss/m/n/10.95 1[]\OT1/mathkerncmss/m/sl/10.95 crosslg\OML/cmm/m/it/10.95
 :\OT1/mathkerncmss/m/sl/10.95 jpg$\OT1/cmss/m/n/10.95 .  
 []

)
Overfull \vbox (303.95161pt too high) detected at line 785
 []

[96

 </usr/share/texlive/texmf-dist/tex/latex/beamer/art/beamericonarticle.pdf>]
\tf@nav=\write6
\openout6 = `Presentacion.nav'.

\tf@toc=\write7
\openout7 = `Presentacion.toc'.

\tf@snm=\write8
\openout8 = `Presentacion.snm'.

Package atveryend Info: Empty hook `BeforeClearDocument' on input line 787.
Package atveryend Info: Empty hook `AfterLastShipout' on input line 787.
(./Presentacion.aux)
Package atveryend Info: Executing hook `AtVeryEndDocument' on input line 787.
Package atveryend Info: Executing hook `AtEndAfterFileList' on input line 787.
Package rerunfilecheck Info: File `Presentacion.out' has not changed.
(rerunfilecheck)             Checksum: D41D8CD98F00B204E9800998ECF8427E;0.


LaTeX Font Warning: Size substitutions with differences
(Font)              up to 1.0pt have occurred.


LaTeX Warning: There were multiply-defined labels.

Package atveryend Info: Empty hook `AtVeryVeryEnd' on input line 787.
 ) 
Here is how much of TeX's memory you used:
 23304 strings out of 493029
 485472 string characters out of 6136234
 564851 words of memory out of 5000000
 26025 multiletter control sequences out of 15000+600000
 15196 words of font info for 55 fonts, out of 8000000 for 9000
 1141 hyphenation exceptions out of 8191
 56i,17n,67p,445b,575s stack positions out of 5000i,500n,10000p,200000b,80000s
</usr/share/texlive/texmf-dist/fonts/type1/public/amsfonts/cm/cmex10.pfb></us
r/share/texlive/texmf-dist/fonts/type1/public/amsfonts/cm/cmmi10.pfb></usr/shar
e/texlive/texmf-dist/fonts/type1/public/amsfonts/cm/cmmi6.pfb></usr/share/texli
ve/texmf-dist/fonts/type1/public/amsfonts/cm/cmmi8.pfb></usr/share/texlive/texm
f-dist/fonts/type1/public/amsfonts/cm/cmss10.pfb></usr/share/texlive/texmf-dist
/fonts/type1/public/amsfonts/cm/cmss12.pfb></usr/share/texlive/texmf-dist/fonts
/type1/public/amsfonts/cm/cmss17.pfb></usr/share/texlive/texmf-dist/fonts/type1
/public/amsfonts/cm/cmss8.pfb></usr/share/texlive/texmf-dist/fonts/type1/public
/amsfonts/cm/cmssbx10.pfb></usr/share/texlive/texmf-dist/fonts/type1/public/ams
fonts/cm/cmssi10.pfb></usr/share/texlive/texmf-dist/fonts/type1/public/amsfonts
/cm/cmssi8.pfb></usr/share/texlive/texmf-dist/fonts/type1/public/amsfonts/cm/cm
sy10.pfb></usr/share/texlive/texmf-dist/fonts/type1/public/amsfonts/cm/cmsy6.pf
b></usr/share/texlive/texmf-dist/fonts/type1/public/amsfonts/cm/cmsy7.pfb></usr
/share/texlive/texmf-dist/fonts/type1/public/amsfonts/cm/cmsy8.pfb></usr/share/
texlive/texmf-dist/fonts/type1/public/amsfonts/symbols/msam10.pfb></usr/share/t
exlive/texmf-dist/fonts/type1/public/amsfonts/symbols/msbm10.pfb>
Output written on Presentacion.pdf (96 pages, 7434187 bytes).
PDF statistics:
 2857 PDF objects out of 2984 (max. 8388607)
 2632 compressed objects within 27 object streams
 219 named destinations out of 1000 (max. 500000)
 247 words of extra memory for PDF output out of 10000 (max. 10000000)

