This is pdfTeX, Version 3.14159265-2.6-1.40.16 (TeX Live 2015/Debian) (preloaded format=pdflatex 2016.6.21)  6 JUL 2016 12:52
entering extended mode
 restricted \write18 enabled.
 %&-line parsing enabled.
**doc_re-visited.tex
(./doc_re-visited.tex
LaTeX2e <2016/02/01>
Babel <3.9q> and hyphenation patterns for 81 language(s) loaded.
(/usr/share/texlive/texmf-dist/tex/latex/base/article.cls
Document Class: article 2014/09/29 v1.4h Standard LaTeX document class
(/usr/share/texlive/texmf-dist/tex/latex/base/size10.clo
File: size10.clo 2014/09/29 v1.4h Standard LaTeX file (size option)
)
\c@part=\count79
\c@section=\count80
\c@subsection=\count81
\c@subsubsection=\count82
\c@paragraph=\count83
\c@subparagraph=\count84
\c@figure=\count85
\c@table=\count86
\abovecaptionskip=\skip41
\belowcaptionskip=\skip42
\bibindent=\dimen102
)
(/usr/share/texlive/texmf-dist/tex/latex/booktabs/booktabs.sty
Package: booktabs 2005/04/14 v1.61803 publication quality tables
\heavyrulewidth=\dimen103
\lightrulewidth=\dimen104
\cmidrulewidth=\dimen105
\belowrulesep=\dimen106
\belowbottomsep=\dimen107
\aboverulesep=\dimen108
\abovetopsep=\dimen109
\cmidrulesep=\dimen110
\cmidrulekern=\dimen111
\defaultaddspace=\dimen112
\@cmidla=\count87
\@cmidlb=\count88
\@aboverulesep=\dimen113
\@belowrulesep=\dimen114
\@thisruleclass=\count89
\@lastruleclass=\count90
\@thisrulewidth=\dimen115
)
(/usr/share/texlive/texmf-dist/tex/latex/xcolor/xcolor.sty
Package: xcolor 2007/01/21 v2.11 LaTeX color extensions (UK)

(/usr/share/texlive/texmf-dist/tex/latex/latexconfig/color.cfg
File: color.cfg 2007/01/18 v1.5 color configuration of teTeX/TeXLive
)
Package xcolor Info: Driver file: pdftex.def on input line 225.

(/usr/share/texlive/texmf-dist/tex/latex/pdftex-def/pdftex.def
File: pdftex.def 2011/05/27 v0.06d Graphics/color for pdfTeX

(/usr/share/texlive/texmf-dist/tex/generic/oberdiek/infwarerr.sty
Package: infwarerr 2010/04/08 v1.3 Providing info/warning/error messages (HO)
)
(/usr/share/texlive/texmf-dist/tex/generic/oberdiek/ltxcmds.sty
Package: ltxcmds 2011/11/09 v1.22 LaTeX kernel commands for general use (HO)
)
\Gread@gobject=\count91
)
(/usr/share/texlive/texmf-dist/tex/latex/colortbl/colortbl.sty
Package: colortbl 2012/02/13 v1.0a Color table columns (DPC)

(/usr/share/texlive/texmf-dist/tex/latex/tools/array.sty
Package: array 2014/10/28 v2.4c Tabular extension package (FMi)
\col@sep=\dimen116
\extrarowheight=\dimen117
\NC@list=\toks14
\extratabsurround=\skip43
\backup@length=\skip44
)
\everycr=\toks15
\minrowclearance=\skip45
)
\rownum=\count92
Package xcolor Info: Model `cmy' substituted by `cmy0' on input line 1337.
Package xcolor Info: Model `hsb' substituted by `rgb' on input line 1341.
Package xcolor Info: Model `RGB' extended on input line 1353.
Package xcolor Info: Model `HTML' substituted by `rgb' on input line 1355.
Package xcolor Info: Model `Hsb' substituted by `hsb' on input line 1356.
Package xcolor Info: Model `tHsb' substituted by `hsb' on input line 1357.
Package xcolor Info: Model `HSB' substituted by `hsb' on input line 1358.
Package xcolor Info: Model `Gray' substituted by `gray' on input line 1359.
Package xcolor Info: Model `wave' substituted by `hsb' on input line 1360.
)
(/usr/share/texlive/texmf-dist/tex/latex/anysize/anysize.sty
Package: anysize 1994/08/13 setting margin sizes

document style option `anysize' loaded
Michael Salzenberg, Thomas Esser, Dirk Hillbrecht
Version 1.0, Aug 13, 1994
\@Leftmargin=\dimen118
\@Rightmargin=\dimen119
\@Topmargin=\dimen120
\@Bottommargin=\dimen121
) (/usr/share/texlive/texmf-dist/tex/generic/babel/babel.sty
Package: babel 2016/02/24 3.9q The Babel package

(/usr/share/texlive/texmf-dist/tex/generic/babel-english/english.ldf
Language: english 2012/08/20 v3.3p English support from the babel system

(/usr/share/texlive/texmf-dist/tex/generic/babel/babel.def
File: babel.def 2016/02/24 3.9q Babel common definitions
\babel@savecnt=\count93
\U@D=\dimen122
)
\l@canadian = a dialect from \language\l@american 
\l@australian = a dialect from \language\l@british 
\l@newzealand = a dialect from \language\l@british 
))
(/usr/share/texlive/texmf-dist/tex/latex/base/inputenc.sty
Package: inputenc 2015/03/17 v1.2c Input encoding file
\inpenc@prehook=\toks16
\inpenc@posthook=\toks17

(/usr/share/texlive/texmf-dist/tex/latex/base/utf8.def
File: utf8.def 2015/12/03 v1.1r UTF-8 support for inputenc
Now handling font encoding OML ...
... no UTF-8 mapping file for font encoding OML
Now handling font encoding T1 ...
... processing UTF-8 mapping file for font encoding T1

(/usr/share/texlive/texmf-dist/tex/latex/base/t1enc.dfu
File: t1enc.dfu 2015/12/03 v1.1r UTF-8 support for inputenc
   defining Unicode char U+00A0 (decimal 160)
   defining Unicode char U+00A1 (decimal 161)
   defining Unicode char U+00A3 (decimal 163)
   defining Unicode char U+00AB (decimal 171)
   defining Unicode char U+00AD (decimal 173)
   defining Unicode char U+00BB (decimal 187)
   defining Unicode char U+00BF (decimal 191)
   defining Unicode char U+00C0 (decimal 192)
   defining Unicode char U+00C1 (decimal 193)
   defining Unicode char U+00C2 (decimal 194)
   defining Unicode char U+00C3 (decimal 195)
   defining Unicode char U+00C4 (decimal 196)
   defining Unicode char U+00C5 (decimal 197)
   defining Unicode char U+00C6 (decimal 198)
   defining Unicode char U+00C7 (decimal 199)
   defining Unicode char U+00C8 (decimal 200)
   defining Unicode char U+00C9 (decimal 201)
   defining Unicode char U+00CA (decimal 202)
   defining Unicode char U+00CB (decimal 203)
   defining Unicode char U+00CC (decimal 204)
   defining Unicode char U+00CD (decimal 205)
   defining Unicode char U+00CE (decimal 206)
   defining Unicode char U+00CF (decimal 207)
   defining Unicode char U+00D0 (decimal 208)
   defining Unicode char U+00D1 (decimal 209)
   defining Unicode char U+00D2 (decimal 210)
   defining Unicode char U+00D3 (decimal 211)
   defining Unicode char U+00D4 (decimal 212)
   defining Unicode char U+00D5 (decimal 213)
   defining Unicode char U+00D6 (decimal 214)
   defining Unicode char U+00D8 (decimal 216)
   defining Unicode char U+00D9 (decimal 217)
   defining Unicode char U+00DA (decimal 218)
   defining Unicode char U+00DB (decimal 219)
   defining Unicode char U+00DC (decimal 220)
   defining Unicode char U+00DD (decimal 221)
   defining Unicode char U+00DE (decimal 222)
   defining Unicode char U+00DF (decimal 223)
   defining Unicode char U+00E0 (decimal 224)
   defining Unicode char U+00E1 (decimal 225)
   defining Unicode char U+00E2 (decimal 226)
   defining Unicode char U+00E3 (decimal 227)
   defining Unicode char U+00E4 (decimal 228)
   defining Unicode char U+00E5 (decimal 229)
   defining Unicode char U+00E6 (decimal 230)
   defining Unicode char U+00E7 (decimal 231)
   defining Unicode char U+00E8 (decimal 232)
   defining Unicode char U+00E9 (decimal 233)
   defining Unicode char U+00EA (decimal 234)
   defining Unicode char U+00EB (decimal 235)
   defining Unicode char U+00EC (decimal 236)
   defining Unicode char U+00ED (decimal 237)
   defining Unicode char U+00EE (decimal 238)
   defining Unicode char U+00EF (decimal 239)
   defining Unicode char U+00F0 (decimal 240)
   defining Unicode char U+00F1 (decimal 241)
   defining Unicode char U+00F2 (decimal 242)
   defining Unicode char U+00F3 (decimal 243)
   defining Unicode char U+00F4 (decimal 244)
   defining Unicode char U+00F5 (decimal 245)
   defining Unicode char U+00F6 (decimal 246)
   defining Unicode char U+00F8 (decimal 248)
   defining Unicode char U+00F9 (decimal 249)
   defining Unicode char U+00FA (decimal 250)
   defining Unicode char U+00FB (decimal 251)
   defining Unicode char U+00FC (decimal 252)
   defining Unicode char U+00FD (decimal 253)
   defining Unicode char U+00FE (decimal 254)
   defining Unicode char U+00FF (decimal 255)
   defining Unicode char U+0100 (decimal 256)
   defining Unicode char U+0101 (decimal 257)
   defining Unicode char U+0102 (decimal 258)
   defining Unicode char U+0103 (decimal 259)
   defining Unicode char U+0104 (decimal 260)
   defining Unicode char U+0105 (decimal 261)
   defining Unicode char U+0106 (decimal 262)
   defining Unicode char U+0107 (decimal 263)
   defining Unicode char U+0108 (decimal 264)
   defining Unicode char U+0109 (decimal 265)
   defining Unicode char U+010A (decimal 266)
   defining Unicode char U+010B (decimal 267)
   defining Unicode char U+010C (decimal 268)
   defining Unicode char U+010D (decimal 269)
   defining Unicode char U+010E (decimal 270)
   defining Unicode char U+010F (decimal 271)
   defining Unicode char U+0110 (decimal 272)
   defining Unicode char U+0111 (decimal 273)
   defining Unicode char U+0112 (decimal 274)
   defining Unicode char U+0113 (decimal 275)
   defining Unicode char U+0114 (decimal 276)
   defining Unicode char U+0115 (decimal 277)
   defining Unicode char U+0116 (decimal 278)
   defining Unicode char U+0117 (decimal 279)
   defining Unicode char U+0118 (decimal 280)
   defining Unicode char U+0119 (decimal 281)
   defining Unicode char U+011A (decimal 282)
   defining Unicode char U+011B (decimal 283)
   defining Unicode char U+011C (decimal 284)
   defining Unicode char U+011D (decimal 285)
   defining Unicode char U+011E (decimal 286)
   defining Unicode char U+011F (decimal 287)
   defining Unicode char U+0120 (decimal 288)
   defining Unicode char U+0121 (decimal 289)
   defining Unicode char U+0122 (decimal 290)
   defining Unicode char U+0123 (decimal 291)
   defining Unicode char U+0124 (decimal 292)
   defining Unicode char U+0125 (decimal 293)
   defining Unicode char U+0128 (decimal 296)
   defining Unicode char U+0129 (decimal 297)
   defining Unicode char U+012A (decimal 298)
   defining Unicode char U+012B (decimal 299)
   defining Unicode char U+012C (decimal 300)
   defining Unicode char U+012D (decimal 301)
   defining Unicode char U+012E (decimal 302)
   defining Unicode char U+012F (decimal 303)
   defining Unicode char U+0130 (decimal 304)
   defining Unicode char U+0131 (decimal 305)
   defining Unicode char U+0132 (decimal 306)
   defining Unicode char U+0133 (decimal 307)
   defining Unicode char U+0134 (decimal 308)
   defining Unicode char U+0135 (decimal 309)
   defining Unicode char U+0136 (decimal 310)
   defining Unicode char U+0137 (decimal 311)
   defining Unicode char U+0139 (decimal 313)
   defining Unicode char U+013A (decimal 314)
   defining Unicode char U+013B (decimal 315)
   defining Unicode char U+013C (decimal 316)
   defining Unicode char U+013D (decimal 317)
   defining Unicode char U+013E (decimal 318)
   defining Unicode char U+0141 (decimal 321)
   defining Unicode char U+0142 (decimal 322)
   defining Unicode char U+0143 (decimal 323)
   defining Unicode char U+0144 (decimal 324)
   defining Unicode char U+0145 (decimal 325)
   defining Unicode char U+0146 (decimal 326)
   defining Unicode char U+0147 (decimal 327)
   defining Unicode char U+0148 (decimal 328)
   defining Unicode char U+014A (decimal 330)
   defining Unicode char U+014B (decimal 331)
   defining Unicode char U+014C (decimal 332)
   defining Unicode char U+014D (decimal 333)
   defining Unicode char U+014E (decimal 334)
   defining Unicode char U+014F (decimal 335)
   defining Unicode char U+0150 (decimal 336)
   defining Unicode char U+0151 (decimal 337)
   defining Unicode char U+0152 (decimal 338)
   defining Unicode char U+0153 (decimal 339)
   defining Unicode char U+0154 (decimal 340)
   defining Unicode char U+0155 (decimal 341)
   defining Unicode char U+0156 (decimal 342)
   defining Unicode char U+0157 (decimal 343)
   defining Unicode char U+0158 (decimal 344)
   defining Unicode char U+0159 (decimal 345)
   defining Unicode char U+015A (decimal 346)
   defining Unicode char U+015B (decimal 347)
   defining Unicode char U+015C (decimal 348)
   defining Unicode char U+015D (decimal 349)
   defining Unicode char U+015E (decimal 350)
   defining Unicode char U+015F (decimal 351)
   defining Unicode char U+0160 (decimal 352)
   defining Unicode char U+0161 (decimal 353)
   defining Unicode char U+0162 (decimal 354)
   defining Unicode char U+0163 (decimal 355)
   defining Unicode char U+0164 (decimal 356)
   defining Unicode char U+0165 (decimal 357)
   defining Unicode char U+0168 (decimal 360)
   defining Unicode char U+0169 (decimal 361)
   defining Unicode char U+016A (decimal 362)
   defining Unicode char U+016B (decimal 363)
   defining Unicode char U+016C (decimal 364)
   defining Unicode char U+016D (decimal 365)
   defining Unicode char U+016E (decimal 366)
   defining Unicode char U+016F (decimal 367)
   defining Unicode char U+0170 (decimal 368)
   defining Unicode char U+0171 (decimal 369)
   defining Unicode char U+0172 (decimal 370)
   defining Unicode char U+0173 (decimal 371)
   defining Unicode char U+0174 (decimal 372)
   defining Unicode char U+0175 (decimal 373)
   defining Unicode char U+0176 (decimal 374)
   defining Unicode char U+0177 (decimal 375)
   defining Unicode char U+0178 (decimal 376)
   defining Unicode char U+0179 (decimal 377)
   defining Unicode char U+017A (decimal 378)
   defining Unicode char U+017B (decimal 379)
   defining Unicode char U+017C (decimal 380)
   defining Unicode char U+017D (decimal 381)
   defining Unicode char U+017E (decimal 382)
   defining Unicode char U+01CD (decimal 461)
   defining Unicode char U+01CE (decimal 462)
   defining Unicode char U+01CF (decimal 463)
   defining Unicode char U+01D0 (decimal 464)
   defining Unicode char U+01D1 (decimal 465)
   defining Unicode char U+01D2 (decimal 466)
   defining Unicode char U+01D3 (decimal 467)
   defining Unicode char U+01D4 (decimal 468)
   defining Unicode char U+01E2 (decimal 482)
   defining Unicode char U+01E3 (decimal 483)
   defining Unicode char U+01E6 (decimal 486)
   defining Unicode char U+01E7 (decimal 487)
   defining Unicode char U+01E8 (decimal 488)
   defining Unicode char U+01E9 (decimal 489)
   defining Unicode char U+01EA (decimal 490)
   defining Unicode char U+01EB (decimal 491)
   defining Unicode char U+01F0 (decimal 496)
   defining Unicode char U+01F4 (decimal 500)
   defining Unicode char U+01F5 (decimal 501)
   defining Unicode char U+0218 (decimal 536)
   defining Unicode char U+0219 (decimal 537)
   defining Unicode char U+021A (decimal 538)
   defining Unicode char U+021B (decimal 539)
   defining Unicode char U+01E02 (decimal 7682)
   defining Unicode char U+01E03 (decimal 7683)
   defining Unicode char U+200C (decimal 8204)
   defining Unicode char U+2013 (decimal 8211)
   defining Unicode char U+2014 (decimal 8212)
   defining Unicode char U+2018 (decimal 8216)
   defining Unicode char U+2019 (decimal 8217)
   defining Unicode char U+201A (decimal 8218)
   defining Unicode char U+201C (decimal 8220)
   defining Unicode char U+201D (decimal 8221)
   defining Unicode char U+201E (decimal 8222)
   defining Unicode char U+2030 (decimal 8240)
   defining Unicode char U+2031 (decimal 8241)
   defining Unicode char U+2039 (decimal 8249)
   defining Unicode char U+203A (decimal 8250)
   defining Unicode char U+2423 (decimal 9251)
)
Now handling font encoding OT1 ...
... processing UTF-8 mapping file for font encoding OT1

(/usr/share/texlive/texmf-dist/tex/latex/base/ot1enc.dfu
File: ot1enc.dfu 2015/12/03 v1.1r UTF-8 support for inputenc
   defining Unicode char U+00A0 (decimal 160)
   defining Unicode char U+00A1 (decimal 161)
   defining Unicode char U+00A3 (decimal 163)
   defining Unicode char U+00AD (decimal 173)
   defining Unicode char U+00B8 (decimal 184)
   defining Unicode char U+00BF (decimal 191)
   defining Unicode char U+00C5 (decimal 197)
   defining Unicode char U+00C6 (decimal 198)
   defining Unicode char U+00D8 (decimal 216)
   defining Unicode char U+00DF (decimal 223)
   defining Unicode char U+00E6 (decimal 230)
   defining Unicode char U+00EC (decimal 236)
   defining Unicode char U+00ED (decimal 237)
   defining Unicode char U+00EE (decimal 238)
   defining Unicode char U+00EF (decimal 239)
   defining Unicode char U+00F8 (decimal 248)
   defining Unicode char U+0131 (decimal 305)
   defining Unicode char U+0141 (decimal 321)
   defining Unicode char U+0142 (decimal 322)
   defining Unicode char U+0152 (decimal 338)
   defining Unicode char U+0153 (decimal 339)
   defining Unicode char U+0174 (decimal 372)
   defining Unicode char U+0175 (decimal 373)
   defining Unicode char U+0176 (decimal 374)
   defining Unicode char U+0177 (decimal 375)
   defining Unicode char U+0218 (decimal 536)
   defining Unicode char U+0219 (decimal 537)
   defining Unicode char U+021A (decimal 538)
   defining Unicode char U+021B (decimal 539)
   defining Unicode char U+2013 (decimal 8211)
   defining Unicode char U+2014 (decimal 8212)
   defining Unicode char U+2018 (decimal 8216)
   defining Unicode char U+2019 (decimal 8217)
   defining Unicode char U+201C (decimal 8220)
   defining Unicode char U+201D (decimal 8221)
)
Now handling font encoding OMS ...
... processing UTF-8 mapping file for font encoding OMS

(/usr/share/texlive/texmf-dist/tex/latex/base/omsenc.dfu
File: omsenc.dfu 2015/12/03 v1.1r UTF-8 support for inputenc
   defining Unicode char U+00A7 (decimal 167)
   defining Unicode char U+00B6 (decimal 182)
   defining Unicode char U+00B7 (decimal 183)
   defining Unicode char U+2020 (decimal 8224)
   defining Unicode char U+2021 (decimal 8225)
   defining Unicode char U+2022 (decimal 8226)
)
Now handling font encoding OMX ...
... no UTF-8 mapping file for font encoding OMX
Now handling font encoding U ...
... no UTF-8 mapping file for font encoding U
   defining Unicode char U+00A9 (decimal 169)
   defining Unicode char U+00AA (decimal 170)
   defining Unicode char U+00AE (decimal 174)
   defining Unicode char U+00BA (decimal 186)
   defining Unicode char U+02C6 (decimal 710)
   defining Unicode char U+02DC (decimal 732)
   defining Unicode char U+200C (decimal 8204)
   defining Unicode char U+2026 (decimal 8230)
   defining Unicode char U+2122 (decimal 8482)
   defining Unicode char U+2423 (decimal 9251)
))
(/usr/share/texlive/texmf-dist/tex/latex/graphics/graphicx.sty
Package: graphicx 2014/10/28 v1.0g Enhanced LaTeX Graphics (DPC,SPQR)

(/usr/share/texlive/texmf-dist/tex/latex/graphics/keyval.sty
Package: keyval 2014/10/28 v1.15 key=value parser (DPC)
\KV@toks@=\toks18
)
(/usr/share/texlive/texmf-dist/tex/latex/graphics/graphics.sty
Package: graphics 2016/01/03 v1.0q Standard LaTeX Graphics (DPC,SPQR)

(/usr/share/texlive/texmf-dist/tex/latex/graphics/trig.sty
Package: trig 2016/01/03 v1.10 sin cos tan (DPC)
)
(/usr/share/texlive/texmf-dist/tex/latex/latexconfig/graphics.cfg
File: graphics.cfg 2010/04/23 v1.9 graphics configuration of TeX Live
)
Package graphics Info: Driver file: pdftex.def on input line 95.
)
\Gin@req@height=\dimen123
\Gin@req@width=\dimen124
)
(/usr/share/texlive/texmf-dist/tex/latex/oberdiek/epstopdf.sty
Package: epstopdf 2010/02/09 v2.5 Conversion with epstopdf on the fly (HO)

(/usr/share/texlive/texmf-dist/tex/latex/oberdiek/epstopdf-base.sty
Package: epstopdf-base 2010/02/09 v2.5 Base part for package epstopdf

(/usr/share/texlive/texmf-dist/tex/latex/oberdiek/grfext.sty
Package: grfext 2010/08/19 v1.1 Manage graphics extensions (HO)

(/usr/share/texlive/texmf-dist/tex/generic/oberdiek/kvdefinekeys.sty
Package: kvdefinekeys 2011/04/07 v1.3 Define keys (HO)
))
(/usr/share/texlive/texmf-dist/tex/latex/oberdiek/kvoptions.sty
Package: kvoptions 2011/06/30 v3.11 Key value format for package options (HO)

(/usr/share/texlive/texmf-dist/tex/generic/oberdiek/kvsetkeys.sty
Package: kvsetkeys 2012/04/25 v1.16 Key value parser (HO)

(/usr/share/texlive/texmf-dist/tex/generic/oberdiek/etexcmds.sty
Package: etexcmds 2011/02/16 v1.5 Avoid name clashes with e-TeX commands (HO)

(/usr/share/texlive/texmf-dist/tex/generic/oberdiek/ifluatex.sty
Package: ifluatex 2010/03/01 v1.3 Provides the ifluatex switch (HO)
Package ifluatex Info: LuaTeX not detected.
)
Package etexcmds Info: Could not find \expanded.
(etexcmds)             That can mean that you are not using pdfTeX 1.50 or
(etexcmds)             that some package has redefined \expanded.
(etexcmds)             In the latter case, load this package earlier.
)))
(/usr/share/texlive/texmf-dist/tex/generic/oberdiek/pdftexcmds.sty
Package: pdftexcmds 2011/11/29 v0.20 Utility functions of pdfTeX for LuaTeX (HO
)

(/usr/share/texlive/texmf-dist/tex/generic/oberdiek/ifpdf.sty
Package: ifpdf 2011/01/30 v2.3 Provides the ifpdf switch (HO)
Package ifpdf Info: pdfTeX in PDF mode is detected.
)
Package pdftexcmds Info: LuaTeX not detected.
Package pdftexcmds Info: \pdf@primitive is available.
Package pdftexcmds Info: \pdf@ifprimitive is available.
Package pdftexcmds Info: \pdfdraftmode found.
)
Package grfext Info: Graphics extension search list:
(grfext)             [.png,.pdf,.jpg,.mps,.jpeg,.jbig2,.jb2,.PNG,.PDF,.JPG,.JPE
G,.JBIG2,.JB2,.eps]
(grfext)             \AppendGraphicsExtensions on input line 452.

(/usr/share/texlive/texmf-dist/tex/latex/latexconfig/epstopdf-sys.cfg
File: epstopdf-sys.cfg 2010/07/13 v1.3 Configuration of (r)epstopdf for TeX Liv
e
)))
(/usr/share/texlive/texmf-dist/tex/latex/pdfpages/pdfpages.sty
Package: pdfpages 2015/09/18 v0.5d Insert pages of external PDF documents (AM)

(/usr/share/texlive/texmf-dist/tex/latex/base/ifthen.sty
Package: ifthen 2014/09/29 v1.1c Standard LaTeX ifthen package (DPC)
)
(/usr/share/texlive/texmf-dist/tex/latex/tools/calc.sty
Package: calc 2014/10/28 v4.3 Infix arithmetic (KKT,FJ)
\calc@Acount=\count94
\calc@Bcount=\count95
\calc@Adimen=\dimen125
\calc@Bdimen=\dimen126
\calc@Askip=\skip46
\calc@Bskip=\skip47
LaTeX Info: Redefining \setlength on input line 80.
LaTeX Info: Redefining \addtolength on input line 81.
\calc@Ccount=\count96
\calc@Cskip=\skip48
)
(/usr/share/texlive/texmf-dist/tex/latex/eso-pic/eso-pic.sty
Package: eso-pic 2015/07/21 v2.0g eso-pic (RN)

(/usr/share/texlive/texmf-dist/tex/generic/oberdiek/atbegshi.sty
Package: atbegshi 2011/10/05 v1.16 At begin shipout hook (HO)
))
\AM@pagewidth=\dimen127
\AM@pageheight=\dimen128

(/usr/share/texlive/texmf-dist/tex/latex/pdfpages/pppdftex.def
File: pppdftex.def 2015/09/18 v0.5d Pdfpages driver for pdfTeX (AM)
)
\AM@pagebox=\box26
\AM@toc@title=\toks19
\c@AM@survey=\count97
\AM@templatesizebox=\box27
)
(/usr/share/texlive/texmf-dist/tex/latex/float/float.sty
Package: float 2001/11/08 v1.3d Float enhancements (AL)
\c@float@type=\count98
\float@exts=\toks20
\float@box=\box28
\@float@everytoks=\toks21
\@floatcapt=\box29
)
(/usr/share/texlive/texmf-dist/tex/latex/base/latexsym.sty
Package: latexsym 1998/08/17 v2.2e Standard LaTeX package (lasy symbols)
\symlasy=\mathgroup4
LaTeX Font Info:    Overwriting symbol font `lasy' in version `bold'
(Font)                  U/lasy/m/n --> U/lasy/b/n on input line 52.
)
(/usr/share/texlive/texmf-dist/tex/latex/amsmath/amsmath.sty
Package: amsmath 2016/03/03 v2.15a AMS math features
\@mathmargin=\skip49

For additional information on amsmath, use the `?' option.
(/usr/share/texlive/texmf-dist/tex/latex/amsmath/amstext.sty
Package: amstext 2000/06/29 v2.01 AMS text

(/usr/share/texlive/texmf-dist/tex/latex/amsmath/amsgen.sty
File: amsgen.sty 1999/11/30 v2.0 generic functions
\@emptytoks=\toks22
\ex@=\dimen129
))
(/usr/share/texlive/texmf-dist/tex/latex/amsmath/amsbsy.sty
Package: amsbsy 1999/11/29 v1.2d Bold Symbols
\pmbraise@=\dimen130
)
(/usr/share/texlive/texmf-dist/tex/latex/amsmath/amsopn.sty
Package: amsopn 1999/12/14 v2.01 operator names
)
\inf@bad=\count99
LaTeX Info: Redefining \frac on input line 199.
\uproot@=\count100
\leftroot@=\count101
LaTeX Info: Redefining \overline on input line 297.
\classnum@=\count102
\DOTSCASE@=\count103
LaTeX Info: Redefining \ldots on input line 394.
LaTeX Info: Redefining \dots on input line 397.
LaTeX Info: Redefining \cdots on input line 518.
\Mathstrutbox@=\box30
\strutbox@=\box31
\big@size=\dimen131
LaTeX Font Info:    Redeclaring font encoding OML on input line 630.
LaTeX Font Info:    Redeclaring font encoding OMS on input line 631.
\macc@depth=\count104
\c@MaxMatrixCols=\count105
\dotsspace@=\muskip10
\c@parentequation=\count106
\dspbrk@lvl=\count107
\tag@help=\toks23
\row@=\count108
\column@=\count109
\maxfields@=\count110
\andhelp@=\toks24
\eqnshift@=\dimen132
\alignsep@=\dimen133
\tagshift@=\dimen134
\tagwidth@=\dimen135
\totwidth@=\dimen136
\lineht@=\dimen137
\@envbody=\toks25
\multlinegap=\skip50
\multlinetaggap=\skip51
\mathdisplay@stack=\toks26
LaTeX Info: Redefining \[ on input line 2735.
LaTeX Info: Redefining \] on input line 2736.
)
(/usr/share/texlive/texmf-dist/tex/latex/amsfonts/amssymb.sty
Package: amssymb 2013/01/14 v3.01 AMS font symbols

(/usr/share/texlive/texmf-dist/tex/latex/amsfonts/amsfonts.sty
Package: amsfonts 2013/01/14 v3.01 Basic AMSFonts support
\symAMSa=\mathgroup5
\symAMSb=\mathgroup6
LaTeX Font Info:    Overwriting math alphabet `\mathfrak' in version `bold'
(Font)                  U/euf/m/n --> U/euf/b/n on input line 106.
))
(/usr/share/texlive/texmf-dist/tex/latex/doublestroke/dsfont.sty
Package: dsfont 1995/08/01 v0.1 Double stroke roman fonts
)
(/usr/share/texlive/texmf-dist/tex/latex/listings/listings.sty
\lst@mode=\count111
\lst@gtempboxa=\box32
\lst@token=\toks27
\lst@length=\count112
\lst@currlwidth=\dimen138
\lst@column=\count113
\lst@pos=\count114
\lst@lostspace=\dimen139
\lst@width=\dimen140
\lst@newlines=\count115
\lst@lineno=\count116
\lst@maxwidth=\dimen141

(/usr/share/texlive/texmf-dist/tex/latex/listings/lstmisc.sty
File: lstmisc.sty 2015/06/04 1.6 (Carsten Heinz)
\c@lstnumber=\count117
\lst@skipnumbers=\count118
\lst@framebox=\box33
)
(/usr/share/texlive/texmf-dist/tex/latex/listings/listings.cfg
File: listings.cfg 2015/06/04 1.6 listings configuration
))
Package: listings 2015/06/04 1.6 (Carsten Heinz)

(/usr/share/texlive/texmf-dist/tex/latex/tools/multicol.sty
Package: multicol 2015/08/19 v1.8n multicolumn formatting (FMi)
\c@tracingmulticols=\count119
\mult@box=\box34
\multicol@leftmargin=\dimen142
\c@unbalance=\count120
\c@collectmore=\count121
\doublecol@number=\count122
\multicoltolerance=\count123
\multicolpretolerance=\count124
\full@width=\dimen143
\page@free=\dimen144
\premulticols=\dimen145
\postmulticols=\dimen146
\multicolsep=\skip52
\multicolbaselineskip=\skip53
\partial@page=\box35
\last@line=\box36
\maxbalancingoverflow=\dimen147
\mult@rightbox=\box37
\mult@grightbox=\box38
\mult@gfirstbox=\box39
\mult@firstbox=\box40
\@tempa=\box41
\@tempa=\box42
\@tempa=\box43
\@tempa=\box44
\@tempa=\box45
\@tempa=\box46
\@tempa=\box47
\@tempa=\box48
\@tempa=\box49
\@tempa=\box50
\@tempa=\box51
\@tempa=\box52
\@tempa=\box53
\@tempa=\box54
\@tempa=\box55
\@tempa=\box56
\@tempa=\box57
\c@columnbadness=\count125
\c@finalcolumnbadness=\count126
\last@try=\dimen148
\multicolovershoot=\dimen149
\multicolundershoot=\dimen150
\mult@nat@firstbox=\box58
\colbreak@box=\box59
\mc@col@check@num=\count127
)
(/usr/share/texlive/texmf-dist/tex/latex/subfigure/subfigure.sty
Package: subfigure 2002/03/15 v2.1.5 subfigure package
\subfigtopskip=\skip54
\subfigcapskip=\skip55
\subfigcaptopadj=\dimen151
\subfigbottomskip=\skip56
\subfigcapmargin=\dimen152
\subfiglabelskip=\skip57
\c@subfigure=\count128
\c@lofdepth=\count129
\c@subtable=\count130
\c@lotdepth=\count131

****************************************
* Local config file subfigure.cfg used *
****************************************
(/usr/share/texlive/texmf-dist/tex/latex/subfigure/subfigure.cfg)
\subfig@top=\skip58
\subfig@bottom=\skip59
)
(/usr/share/texlive/texmf-dist/tex/latex/comment/comment.sty
\CommentStream=\write3

Excluding comment 'comment')
(/usr/share/texlive/texmf-dist/tex/latex/titlesec/titlesec.sty
Package: titlesec 2016/03/15 v2.10.1 Sectioning titles
\ttl@box=\box60
\beforetitleunit=\skip60
\aftertitleunit=\skip61
\ttl@plus=\dimen153
\ttl@minus=\dimen154
\ttl@toksa=\toks28
\titlewidth=\dimen155
\titlewidthlast=\dimen156
\titlewidthfirst=\dimen157
)
(/usr/share/texlive/texmf-dist/tex/latex/titlesec/block.tss
File: block.tss 2016/03/15
)
No file doc_re-visited.aux.
\openout1 = `doc_re-visited.aux'.

LaTeX Font Info:    Checking defaults for OML/cmm/m/it on input line 44.
LaTeX Font Info:    ... okay on input line 44.
LaTeX Font Info:    Checking defaults for T1/cmr/m/n on input line 44.
LaTeX Font Info:    ... okay on input line 44.
LaTeX Font Info:    Checking defaults for OT1/cmr/m/n on input line 44.
LaTeX Font Info:    ... okay on input line 44.
LaTeX Font Info:    Checking defaults for OMS/cmsy/m/n on input line 44.
LaTeX Font Info:    ... okay on input line 44.
LaTeX Font Info:    Checking defaults for OMX/cmex/m/n on input line 44.
LaTeX Font Info:    ... okay on input line 44.
LaTeX Font Info:    Checking defaults for U/cmr/m/n on input line 44.
LaTeX Font Info:    ... okay on input line 44.
(/usr/share/texlive/texmf-dist/tex/context/base/supp-pdf.mkii
[Loading MPS to PDF converter (version 2006.09.02).]
\scratchcounter=\count132
\scratchdimen=\dimen158
\scratchbox=\box61
\nofMPsegments=\count133
\nofMParguments=\count134
\everyMPshowfont=\toks29
\MPscratchCnt=\count135
\MPscratchDim=\dimen159
\MPnumerator=\count136
\makeMPintoPDFobject=\count137
\everyMPtoPDFconversion=\toks30
)
\AtBeginShipoutBox=\box62
 (/usr/share/texlive/texmf-dist/tex/latex/oberdiek/pdflscape.sty
Package: pdflscape 2008/08/11 v0.10 Display of landscape pages in PDF (HO)

(/usr/share/texlive/texmf-dist/tex/latex/graphics/lscape.sty
Package: lscape 2000/10/22 v3.01 Landscape Pages (DPC)
)
Package pdflscape Info: Auto-detected driver: pdftex on input line 80.

(/usr/share/texlive/texmf-dist/tex/generic/ifxetex/ifxetex.sty
Package: ifxetex 2010/09/12 v0.6 Provides ifxetex conditional
))
\c@lstlisting=\count138

Underfull \hbox (badness 10000) in paragraph at lines 50--51

 []

LaTeX Font Info:    Try loading font information for OMS+cmr on input line 55.
(/usr/share/texlive/texmf-dist/tex/latex/base/omscmr.fd
File: omscmr.fd 2014/09/29 v2.5h Standard LaTeX font definitions
)
LaTeX Font Info:    Font shape `OMS/cmr/m/n' in size <10> not available
(Font)              Font shape `OMS/cmsy/m/n' tried instead on input line 55.
LaTeX Font Info:    Try loading font information for U+lasy on input line 55.

(/usr/share/texlive/texmf-dist/tex/latex/base/ulasy.fd
File: ulasy.fd 1998/08/17 v2.2e LaTeX symbol font definitions
)
LaTeX Font Info:    Try loading font information for U+msa on input line 55.

(/usr/share/texlive/texmf-dist/tex/latex/amsfonts/umsa.fd
File: umsa.fd 2013/01/14 v3.01 AMS symbols A
)
LaTeX Font Info:    Try loading font information for U+msb on input line 55.

(/usr/share/texlive/texmf-dist/tex/latex/amsfonts/umsb.fd
File: umsb.fd 2013/01/14 v3.01 AMS symbols B
)
Underfull \hbox (badness 10000) in paragraph at lines 84--85

 []

[1

{/var/lib/texmf/fonts/map/pdftex/updmap/pdftex.map}]

LaTeX Warning: Reference `tab:parametros_minimal' on page 2 undefined on input 
line 117.

[2]

LaTeX Warning: Reference `fig:r2_convention' on page 3 undefined on input line 
162.


Underfull \hbox (badness 10000) in paragraph at lines 162--163

 []


LaTeX Warning: Reference `eq:mde_min' on page 3 undefined on input line 164.


Underfull \hbox (badness 10000) in paragraph at lines 164--165

 []


<fig/theorem_verification_r2-geometry_convention.png, id=22, 458.46281pt x 168.
63pt>
File: fig/theorem_verification_r2-geometry_convention.png Graphic file (type pn
g)
 <use fig/theorem_verification_r2-geometry_convention.png>
Package pdftex.def Info: fig/theorem_verification_r2-geometry_convention.png us
ed on input line 182.
(pdftex.def)             Requested size: 317.16515pt x 116.65646pt.
 [3 <./fig/theorem_verification_r2-geometry_convention.png>]

LaTeX Warning: Reference `eq:mde_min' on page 4 undefined on input line 193.


Underfull \hbox (badness 10000) in paragraph at lines 219--220

 []


LaTeX Warning: Reference `fig:mde_min_ex1_single-cell' on page 4 undefined on i
nput line 221.

Package epstopdf Info: Source file: <fig/mde_min_ex1_single-cell_epi.eps>
(epstopdf)                    date: 2016-06-22 03:21:41
(epstopdf)                    size: 26134 bytes
(epstopdf)             Output file: <fig/mde_min_ex1_single-cell_epi-eps-conver
ted-to.pdf>
(epstopdf)                    date: 2016-06-22 03:21:41
(epstopdf)                    size: 16096 bytes
(epstopdf)             Command: <repstopdf --outfile=fig/mde_min_ex1_single-cel
l_epi-eps-converted-to.pdf fig/mde_min_ex1_single-cell_epi.eps>
(epstopdf)             \includegraphics on input line 226.
Package epstopdf Info: Output file is already uptodate.

<fig/mde_min_ex1_single-cell_epi-eps-converted-to.pdf, id=28, 410.53375pt x 309
.155pt>
File: fig/mde_min_ex1_single-cell_epi-eps-converted-to.pdf Graphic file (type p
df)
 <use fig/mde_min_ex1_single-cell_epi-eps-converted-to.pdf>
Package pdftex.def Info: fig/mde_min_ex1_single-cell_epi-eps-converted-to.pdf u
sed on input line 226.
(pdftex.def)             Requested size: 94.45836pt x 71.13188pt.
Package epstopdf Info: Source file: <fig/mde_min_ex1_single-cell_endo.eps>
(epstopdf)                    date: 2016-06-22 03:21:41
(epstopdf)                    size: 25774 bytes
(epstopdf)             Output file: <fig/mde_min_ex1_single-cell_endo-eps-conve
rted-to.pdf>
(epstopdf)                    date: 2016-06-22 03:21:41
(epstopdf)                    size: 16081 bytes
(epstopdf)             Command: <repstopdf --outfile=fig/mde_min_ex1_single-cel
l_endo-eps-converted-to.pdf fig/mde_min_ex1_single-cell_endo.eps>
(epstopdf)             \includegraphics on input line 228.
Package epstopdf Info: Output file is already uptodate.

<fig/mde_min_ex1_single-cell_endo-eps-converted-to.pdf, id=29, 410.53375pt x 30
9.155pt>
File: fig/mde_min_ex1_single-cell_endo-eps-converted-to.pdf Graphic file (type 
pdf)
 <use fig/mde_min_ex1_single-cell_endo-eps-converted-to.pdf>
Package pdftex.def Info: fig/mde_min_ex1_single-cell_endo-eps-converted-to.pdf 
used on input line 228.
(pdftex.def)             Requested size: 94.45836pt x 71.13188pt.
Package epstopdf Info: Source file: <fig/mde_min_ex1_single-cell_mid.eps>
(epstopdf)                    date: 2016-06-22 03:21:41
(epstopdf)                    size: 25936 bytes
(epstopdf)             Output file: <fig/mde_min_ex1_single-cell_mid-eps-conver
ted-to.pdf>
(epstopdf)                    date: 2016-06-22 03:21:41
(epstopdf)                    size: 18932 bytes
(epstopdf)             Command: <repstopdf --outfile=fig/mde_min_ex1_single-cel
l_mid-eps-converted-to.pdf fig/mde_min_ex1_single-cell_mid.eps>
(epstopdf)             \includegraphics on input line 230.
Package epstopdf Info: Output file is already uptodate.

<fig/mde_min_ex1_single-cell_mid-eps-converted-to.pdf, id=30, 410.53375pt x 309
.155pt>
File: fig/mde_min_ex1_single-cell_mid-eps-converted-to.pdf Graphic file (type p
df)
 <use fig/mde_min_ex1_single-cell_mid-eps-converted-to.pdf>
Package pdftex.def Info: fig/mde_min_ex1_single-cell_mid-eps-converted-to.pdf u
sed on input line 230.
(pdftex.def)             Requested size: 94.45836pt x 71.13188pt.
Package epstopdf Info: Source file: <fig/mde_min_ex1_single-cell_atrial.eps>
(epstopdf)                    date: 2016-06-22 03:21:41
(epstopdf)                    size: 30573 bytes
(epstopdf)             Output file: <fig/mde_min_ex1_single-cell_atrial-eps-con
verted-to.pdf>
(epstopdf)                    date: 2016-06-22 03:21:41
(epstopdf)                    size: 22971 bytes
(epstopdf)             Command: <repstopdf --outfile=fig/mde_min_ex1_single-cel
l_atrial-eps-converted-to.pdf fig/mde_min_ex1_single-cell_atrial.eps>
(epstopdf)             \includegraphics on input line 232.
Package epstopdf Info: Output file is already uptodate.

<fig/mde_min_ex1_single-cell_atrial-eps-converted-to.pdf, id=31, 1155.31625pt x
 659.46375pt>
File: fig/mde_min_ex1_single-cell_atrial-eps-converted-to.pdf Graphic file (typ
e pdf)
 <use fig/mde_min_ex1_single-cell_atrial-eps-converted-to.pdf>
Package pdftex.def Info: fig/mde_min_ex1_single-cell_atrial-eps-converted-to.pd
f used on input line 232.
(pdftex.def)             Requested size: 124.59953pt x 71.13188pt.

[4 <./fig/mde_min_ex1_single-cell_epi-eps-converted-to.pdf> <./fig/mde_min_ex1_
single-cell_endo-eps-converted-to.pdf> <./fig/mde_min_ex1_single-cell_mid-eps-c
onverted-to.pdf> <./fig/mde_min_ex1_single-cell_atrial-eps-converted-to.pdf>]

LaTeX Warning: Reference `tab:mde_min_setup_1' on page 5 undefined on input lin
e 239.


LaTeX Warning: Reference `fig:results_exp1' on page 5 undefined on input line 2
68.


<fig/numerical_example_mde+min_exp1_colourbar.png, id=61, 453.19313pt x 118.944
38pt>
File: fig/numerical_example_mde+min_exp1_colourbar.png Graphic file (type png)
 <use fig/numerical_example_mde+min_exp1_colourbar.png>
Package pdftex.def Info: fig/numerical_example_mde+min_exp1_colourbar.png used 
on input line 274.
(pdftex.def)             Requested size: 162.61002pt x 42.67912pt.

<fig/numerical_example_mde+min_exp1_0ms.png, id=62, 293.59688pt x 291.33844pt>
File: fig/numerical_example_mde+min_exp1_0ms.png Graphic file (type png)

<use fig/numerical_example_mde+min_exp1_0ms.png>
Package pdftex.def Info: fig/numerical_example_mde+min_exp1_0ms.png used on inp
ut line 277.
(pdftex.def)             Requested size: 86.01897pt x 85.35826pt.

<fig/numerical_example_mde+min_exp1_3ms.png, id=63, 176.91093pt x 177.66376pt>
File: fig/numerical_example_mde+min_exp1_3ms.png Graphic file (type png)

<use fig/numerical_example_mde+min_exp1_3ms.png>
Package pdftex.def Info: fig/numerical_example_mde+min_exp1_3ms.png used on inp
ut line 280.
(pdftex.def)             Requested size: 84.99725pt x 85.35826pt.

<fig/numerical_example_mde+min_exp1_10ms.png, id=64, 176.91093pt x 176.91093pt>
File: fig/numerical_example_mde+min_exp1_10ms.png Graphic file (type png)
<use fig/numerical_example_mde+min_exp1_10ms.png>
Package pdftex.def Info: fig/numerical_example_mde+min_exp1_10ms.png used on in
put line 283.
(pdftex.def)             Requested size: 85.35898pt x 85.35826pt.

<fig/numerical_example_mde+min_exp1_20ms.png, id=65, 175.40532pt x 176.91093pt>
File: fig/numerical_example_mde+min_exp1_20ms.png Graphic file (type png)
<use fig/numerical_example_mde+min_exp1_20ms.png>
Package pdftex.def Info: fig/numerical_example_mde+min_exp1_20ms.png used on in
put line 286.
(pdftex.def)             Requested size: 84.63252pt x 85.35826pt.

<fig/numerical_example_mde+min_exp1_150ms.png, id=66, 314.67563pt x 316.18124pt
>
File: fig/numerical_example_mde+min_exp1_150ms.png Graphic file (type png)
 <use fig/numerical_example_mde+min_exp1_150ms.png>
Package pdftex.def Info: fig/numerical_example_mde+min_exp1_150ms.png used on i
nput line 289.
(pdftex.def)             Requested size: 84.94914pt x 85.35826pt.

<fig/numerical_example_mde+min_exp1_250ms.png, id=67, 315.42844pt x 318.43968pt
>
File: fig/numerical_example_mde+min_exp1_250ms.png Graphic file (type png)
 <use fig/numerical_example_mde+min_exp1_250ms.png>
Package pdftex.def Info: fig/numerical_example_mde+min_exp1_250ms.png used on i
nput line 292.
(pdftex.def)             Requested size: 84.55074pt x 85.35826pt.

<fig/numerical_example_mde+min_exp1_350ms.png, id=68, 292.09125pt x 291.33844pt
>
File: fig/numerical_example_mde+min_exp1_350ms.png Graphic file (type png)
 <use fig/numerical_example_mde+min_exp1_350ms.png>
Package pdftex.def Info: fig/numerical_example_mde+min_exp1_350ms.png used on i
nput line 295.
(pdftex.def)             Requested size: 85.57784pt x 85.35826pt.


LaTeX Warning: Reference `fig:results_exp1_2points' on page 5 undefined on inpu
t line 299.

Package epstopdf Info: Source file: <fig/numerical_example_mde+min_exp1_point1.
eps>
(epstopdf)                    date: 2016-06-22 03:21:41
(epstopdf)                    size: 20498 bytes
(epstopdf)             Output file: <fig/numerical_example_mde+min_exp1_point1-
eps-converted-to.pdf>
(epstopdf)                    date: 2016-06-22 03:21:41
(epstopdf)                    size: 9661 bytes
(epstopdf)             Command: <repstopdf --outfile=fig/numerical_example_mde+
min_exp1_point1-eps-converted-to.pdf fig/numerical_example_mde+min_exp1_point1.
eps>
(epstopdf)             \includegraphics on input line 303.
Package epstopdf Info: Output file is already uptodate.

<fig/numerical_example_mde+min_exp1_point1-eps-converted-to.pdf, id=69, 822.071
24pt x 190.7125pt>
File: fig/numerical_example_mde+min_exp1_point1-eps-converted-to.pdf Graphic fi
le (type pdf)

<use fig/numerical_example_mde+min_exp1_point1-eps-converted-to.pdf>
Package pdftex.def Info: fig/numerical_example_mde+min_exp1_point1-eps-converte
d-to.pdf used on input line 303.
(pdftex.def)             Requested size: 490.58727pt x 113.81102pt.
 [5 <./fig/numerical_example_mde+min_exp1_colourbar.png> <./fig/numerical_examp
le_mde+min_exp1_0ms.png> <./fig/numerical_example_mde+min_exp1_3ms.png> <./fig/
numerical_example_mde+min_exp1_10ms.png> <./fig/numerical_example_mde+min_exp1_
20ms.png> <./fig/numerical_example_mde+min_exp1_150ms.png> <./fig/numerical_exa
mple_mde+min_exp1_250ms.png> <./fig/numerical_example_mde+min_exp1_350ms.png>] 
[6 <./fig/numerical_example_mde+min_exp1_point1-eps-converted-to.pdf>]

LaTeX Warning: Reference `tab:mde_min_setup_2' on page 7 undefined on input lin
e 312.


Underfull \hbox (badness 10000) in paragraph at lines 312--313

 []


LaTeX Warning: Reference `fig:subdomains_R2' on page 7 undefined on input line 
338.


LaTeX Warning: Reference `fig:mesh_h' on page 7 undefined on input line 338.

<fig/malla_exp2.png, id=90, 975.645pt x 453.19313pt>
File: fig/malla_exp2.png Graphic file (type png)
 <use fig/malla_exp2.png>
Package pdftex.def Info: fig/malla_exp2.png used on input line 342.
(pdftex.def)             Requested size: 306.25793pt x 142.26378pt.


LaTeX Warning: Reference `fig:results_exp2' on page 7 undefined on input line 3
48.

File: fig/numerical_example_mde+min_exp1_colourbar.png Graphic file (type png)
<use fig/numerical_example_mde+min_exp1_colourbar.png>
Package pdftex.def Info: fig/numerical_example_mde+min_exp1_colourbar.png used 
on input line 354.
(pdftex.def)             Requested size: 162.61002pt x 42.67912pt.

<fig/numerical_example_mde+min_exp2_0ms.png, id=91, 252.19218pt x 499.11469pt>
File: fig/numerical_example_mde+min_exp2_0ms.png Graphic file (type png)

<use fig/numerical_example_mde+min_exp2_0ms.png>
Package pdftex.def Info: fig/numerical_example_mde+min_exp2_0ms.png used on inp
ut line 357.
(pdftex.def)             Requested size: 115.01314pt x 227.62204pt.

<fig/numerical_example_mde+min_exp2_3ms.png, id=92, 341.77687pt x 683.55376pt>
File: fig/numerical_example_mde+min_exp2_3ms.png Graphic file (type png)

<use fig/numerical_example_mde+min_exp2_3ms.png>
Package pdftex.def Info: fig/numerical_example_mde+min_exp2_3ms.png used on inp
ut line 360.
(pdftex.def)             Requested size: 113.80887pt x 227.62204pt.

<fig/numerical_example_mde+min_exp2_17ms.png, id=93, 338.01282pt x 684.30656pt>
File: fig/numerical_example_mde+min_exp2_17ms.png Graphic file (type png)
<use fig/numerical_example_mde+min_exp2_17ms.png>
Package pdftex.def Info: fig/numerical_example_mde+min_exp2_17ms.png used on in
put line 363.
(pdftex.def)             Requested size: 112.43169pt x 227.62204pt.

<fig/numerical_example_mde+min_exp2_50ms.png, id=94, 341.02406pt x 683.55376pt>
File: fig/numerical_example_mde+min_exp2_50ms.png Graphic file (type png)
<use fig/numerical_example_mde+min_exp2_50ms.png>
Package pdftex.def Info: fig/numerical_example_mde+min_exp2_50ms.png used on in
put line 366.
(pdftex.def)             Requested size: 113.55818pt x 227.62204pt.

<fig/numerical_example_mde+min_exp2_150ms.png, id=95, 341.77687pt x 681.29532pt
>
File: fig/numerical_example_mde+min_exp2_150ms.png Graphic file (type png)
 <use fig/numerical_example_mde+min_exp2_150ms.png>
Package pdftex.def Info: fig/numerical_example_mde+min_exp2_150ms.png used on i
nput line 369.
(pdftex.def)             Requested size: 114.18956pt x 227.62204pt.

<fig/numerical_example_mde+min_exp2_300ms.png, id=96, 334.24875pt x 681.29532pt
>
File: fig/numerical_example_mde+min_exp2_300ms.png Graphic file (type png)
 <use fig/numerical_example_mde+min_exp2_300ms.png>
Package pdftex.def Info: fig/numerical_example_mde+min_exp2_300ms.png used on i
nput line 372.
(pdftex.def)             Requested size: 111.67438pt x 227.62204pt.

<fig/numerical_example_mde+min_exp2_500ms.png, id=97, 252.19218pt x 499.11469pt
>
File: fig/numerical_example_mde+min_exp2_500ms.png Graphic file (type png)
 <use fig/numerical_example_mde+min_exp2_500ms.png>
Package pdftex.def Info: fig/numerical_example_mde+min_exp2_500ms.png used on i
nput line 375.
(pdftex.def)             Requested size: 115.01314pt x 227.62204pt.
 [7 <./fig/malla_exp2.png>]

LaTeX Warning: Reference `fig:results_exp2_error' on page 8 undefined on input 
line 379.

Package epstopdf Info: Source file: <fig/numerical_example_MDE_MIN_exp2_error.e
ps>
(epstopdf)                    date: 2016-06-22 03:21:41
(epstopdf)                    size: 8758 bytes
(epstopdf)             Output file: <fig/numerical_example_MDE_MIN_exp2_error-e
ps-converted-to.pdf>
(epstopdf)                    date: 2016-06-22 03:21:41
(epstopdf)                    size: 5778 bytes
(epstopdf)             Command: <repstopdf --outfile=fig/numerical_example_MDE_
MIN_exp2_error-eps-converted-to.pdf fig/numerical_example_MDE_MIN_exp2_error.ep
s>
(epstopdf)             \includegraphics on input line 383.
Package epstopdf Info: Output file is already uptodate.

<fig/numerical_example_MDE_MIN_exp2_error-eps-converted-to.pdf, id=103, 361.35p
t x 162.6075pt>
File: fig/numerical_example_MDE_MIN_exp2_error-eps-converted-to.pdf Graphic fil
e (type pdf)

<use fig/numerical_example_MDE_MIN_exp2_error-eps-converted-to.pdf>
Package pdftex.def Info: fig/numerical_example_MDE_MIN_exp2_error-eps-converted
-to.pdf used on input line 383.
(pdftex.def)             Requested size: 252.92122pt x 113.81102pt.
 [8 <./fig/numerical_example_mde+min_exp2_0ms.png> <./fig/numerical_example_mde
+min_exp2_3ms.png> <./fig/numerical_example_mde+min_exp2_17ms.png> <./fig/numer
ical_example_mde+min_exp2_50ms.png> <./fig/numerical_example_mde+min_exp2_150ms
.png> <./fig/numerical_example_mde+min_exp2_300ms.png> <./fig/numerical_example
_mde+min_exp2_500ms.png>]

LaTeX Warning: Reference `fig:results_exp2_benchmark' on page 9 undefined on in
put line 387.

Package epstopdf Info: Source file: <fig/numerical_example_MDE_MIN_exp2_benchma
rk.eps>
(epstopdf)                    date: 2016-06-22 03:21:41
(epstopdf)                    size: 16740 bytes
(epstopdf)             Output file: <fig/numerical_example_MDE_MIN_exp2_benchma
rk-eps-converted-to.pdf>
(epstopdf)                    date: 2016-06-22 03:21:41
(epstopdf)                    size: 11066 bytes
(epstopdf)             Command: <repstopdf --outfile=fig/numerical_example_MDE_
MIN_exp2_benchmark-eps-converted-to.pdf fig/numerical_example_MDE_MIN_exp2_benc
hmark.eps>
(epstopdf)             \includegraphics on input line 391.
Package epstopdf Info: Output file is already uptodate.

<fig/numerical_example_MDE_MIN_exp2_benchmark-eps-converted-to.pdf, id=114, 449
.68pt x 338.26375pt>
File: fig/numerical_example_MDE_MIN_exp2_benchmark-eps-converted-to.pdf Graphic
 file (type pdf)

<use fig/numerical_example_MDE_MIN_exp2_benchmark-eps-converted-to.pdf>
Package pdftex.def Info: fig/numerical_example_MDE_MIN_exp2_benchmark-eps-conve
rted-to.pdf used on input line 391.
(pdftex.def)             Requested size: 264.78055pt x 199.16928pt.

Underfull \hbox (badness 10000) in paragraph at lines 395--396

 []

[9 <./fig/numerical_example_MDE_MIN_exp2_error-eps-converted-to.pdf> <./fig/num
erical_example_MDE_MIN_exp2_benchmark-eps-converted-to.pdf>]

LaTeX Warning: Reference `tab:mde_min_setup_3' on page 10 undefined on input li
ne 402.


LaTeX Warning: Reference `fig:mde_min_exp2_mesh' on page 10 undefined on input 
line 402.

<fig/asdasd.png, id=129, 844.65562pt x 456.20438pt>
File: fig/asdasd.png Graphic file (type png)
 <use fig/asdasd.png>
Package pdftex.def Info: fig/asdasd.png used on input line 427.
(pdftex.def)             Requested size: 237.05617pt x 128.0374pt.


LaTeX Warning: Reference `fig:results_exp3' on page 10 undefined on input line 
432.

File: fig/numerical_example_mde+min_exp1_colourbar.png Graphic file (type png)
<use fig/numerical_example_mde+min_exp1_colourbar.png>
Package pdftex.def Info: fig/numerical_example_mde+min_exp1_colourbar.png used 
on input line 438.
(pdftex.def)             Requested size: 162.61002pt x 42.67912pt.

<fig/numerical_example_mde+min_exp3_0ms.png, id=130, 252.19218pt x 499.11469pt>
File: fig/numerical_example_mde+min_exp3_0ms.png Graphic file (type png)
<use fig/numerical_example_mde+min_exp3_0ms.png>
Package pdftex.def Info: fig/numerical_example_mde+min_exp3_0ms.png used on inp
ut line 441.
(pdftex.def)             Requested size: 86.25984pt x 170.71652pt.

<fig/numerical_example_mde+min_exp3_2ms.png, id=131, 278.54062pt x 520.94624pt>
File: fig/numerical_example_mde+min_exp3_2ms.png Graphic file (type png)
<use fig/numerical_example_mde+min_exp3_2ms.png>
Package pdftex.def Info: fig/numerical_example_mde+min_exp3_2ms.png used on inp
ut line 444.
(pdftex.def)             Requested size: 91.2769pt x 170.71652pt.

<fig/numerical_example_mde+min_exp3_7ms.png, id=132, 278.54062pt x 520.94624pt>
File: fig/numerical_example_mde+min_exp3_7ms.png Graphic file (type png)
<use fig/numerical_example_mde+min_exp3_7ms.png>
Package pdftex.def Info: fig/numerical_example_mde+min_exp3_7ms.png used on inp
ut line 447.
(pdftex.def)             Requested size: 91.2769pt x 170.71652pt.

<fig/numerical_example_mde+min_exp3_20ms.png, id=133, 276.28218pt x 516.42938pt
>
File: fig/numerical_example_mde+min_exp3_20ms.png Graphic file (type png)
 <use fig/numerical_example_mde+min_exp3_20ms.png>
Package pdftex.def Info: fig/numerical_example_mde+min_exp3_20ms.png used on in
put line 450.
(pdftex.def)             Requested size: 91.32938pt x 170.71652pt.
 [10 <./fig/asdasd.png>]
[11 <./fig/numerical_example_mde+min_exp3_0ms.png> <./fig/numerical_example_mde
+min_exp3_2ms.png> <./fig/numerical_example_mde+min_exp3_7ms.png> <./fig/numeri
cal_example_mde+min_exp3_20ms.png>]

LaTeX Warning: Reference `eq:mde_min' on page 12 undefined on input line 458.


Underfull \hbox (badness 10000) in paragraph at lines 480--481

 []


Underfull \hbox (badness 10000) in paragraph at lines 489--490

 []


LaTeX Warning: Reference `eq:mde_min_weak' on page 12 undefined on input line 4
97.


LaTeX Warning: Reference `eq:galerkin_method' on page 12 undefined on input lin
e 497.


Overfull \hbox (15.17966pt too wide) in paragraph at lines 502--502
[] 
 []

[12] <fig/fem_p1_shape_functions.png, id=149, 936.49875pt x 454.69875pt>
File: fig/fem_p1_shape_functions.png Graphic file (type png)

<use fig/fem_p1_shape_functions.png>
Package pdftex.def Info: fig/fem_p1_shape_functions.png used on input line 514.

(pdftex.def)             Requested size: 293.01237pt x 142.26378pt.


LaTeX Warning: Reference `eq:Ax=b' on page 13 undefined on input line 518.

[13 <./fig/fem_p1_shape_functions.png>] [14] [15] [16] [17]
(./doc_re-visited.aux)

LaTeX Warning: There were undefined references.


LaTeX Warning: Label(s) may have changed. Rerun to get cross-references right.

 ) 
Here is how much of TeX's memory you used:
 6749 strings out of 493029
 96065 string characters out of 6136234
 182150 words of memory out of 5000000
 10081 multiletter control sequences out of 15000+600000
 10229 words of font info for 43 fonts, out of 8000000 for 9000
 1141 hyphenation exceptions out of 8191
 42i,12n,35p,713b,280s stack positions out of 5000i,500n,10000p,200000b,80000s
</usr/share/texlive/texmf-dist/fonts/type1/public/amsfonts/cm/cmbx10.pfb></us
r/share/texlive/texmf-dist/fonts/type1/public/amsfonts/cm/cmex10.pfb></usr/shar
e/texlive/texmf-dist/fonts/type1/public/amsfonts/cm/cmmi10.pfb></usr/share/texl
ive/texmf-dist/fonts/type1/public/amsfonts/cm/cmmi5.pfb></usr/share/texlive/tex
mf-dist/fonts/type1/public/amsfonts/cm/cmmi7.pfb></usr/share/texlive/texmf-dist
/fonts/type1/public/amsfonts/cm/cmr10.pfb></usr/share/texlive/texmf-dist/fonts/
type1/public/amsfonts/cm/cmr6.pfb></usr/share/texlive/texmf-dist/fonts/type1/pu
blic/amsfonts/cm/cmr7.pfb></usr/share/texlive/texmf-dist/fonts/type1/public/ams
fonts/cm/cmr8.pfb></usr/share/texlive/texmf-dist/fonts/type1/public/amsfonts/cm
/cmsl10.pfb></usr/share/texlive/texmf-dist/fonts/type1/public/amsfonts/cm/cmss1
0.pfb></usr/share/texlive/texmf-dist/fonts/type1/public/amsfonts/cm/cmssbx10.pf
b></usr/share/texlive/texmf-dist/fonts/type1/public/amsfonts/cm/cmsy10.pfb></us
r/share/texlive/texmf-dist/fonts/type1/public/amsfonts/cm/cmsy7.pfb></usr/share
/texlive/texmf-dist/fonts/type1/public/amsfonts/symbols/msam10.pfb></usr/share/
texlive/texmf-dist/fonts/type1/public/amsfonts/symbols/msbm10.pfb>
Output written on doc_re-visited.pdf (17 pages, 844393 bytes).
PDF statistics:
 219 PDF objects out of 1000 (max. 8388607)
 122 compressed objects within 2 object streams
 0 named destinations out of 1000 (max. 500000)
 151 words of extra memory for PDF output out of 10000 (max. 10000000)

